<?xml version="1.0" encoding="UTF-8"?>
<!-- Generated by org.testng.reporters.JUnitXMLReporter -->
<testsuite hostname="DESKTOP-A53R77R" ignored="0" tests="117" failures="0" timestamp="27 Aug 2018 15:49:12 GMT" time="0.578" errors="0">
  <testcase name="testAdd" time="0.016" classname="Test_1_emptyCache"/>
  <testcase name="testClear" time="0.0" classname="Test_1_emptyCache"/>
  <testcase name="testGet" time="0.0" classname="Test_1_emptyCache"/>
  <testcase name="testGetHitRate" time="0.0" classname="Test_1_emptyCache"/>
  <testcase name="testGetMissRate" time="0.0" classname="Test_1_emptyCache"/>
  <testcase name="testIsEmpty" time="0.0" classname="Test_1_emptyCache"/>
  <testcase name="testRemove" time="0.0" classname="Test_1_emptyCache"/>
  <testcase name="testRemoveLast" time="0.0" classname="Test_1_emptyCache"/>
  <testcase name="testWrite" time="0.0" classname="Test_1_emptyCache"/>
  <testcase name="testAdd" time="0.0" classname="Test_2_emptyCache_getA_A"/>
  <testcase name="testClear" time="0.0" classname="Test_2_emptyCache_getA_A"/>
  <testcase name="testGetHitRate" time="0.0" classname="Test_2_emptyCache_getA_A"/>
  <testcase name="testGetMissRate" time="0.0" classname="Test_2_emptyCache_getA_A"/>
  <testcase name="testGet_invalidElement" time="0.0" classname="Test_2_emptyCache_getA_A"/>
  <testcase name="testGet_validElement" time="0.0" classname="Test_2_emptyCache_getA_A"/>
  <testcase name="testIsEmpty" time="0.0" classname="Test_2_emptyCache_getA_A"/>
  <testcase name="testRemoveLast" time="0.0" classname="Test_2_emptyCache_getA_A"/>
  <testcase name="testRemove_invalidElement" time="0.0" classname="Test_2_emptyCache_getA_A"/>
  <testcase name="testRemove_validElement" time="0.0" classname="Test_2_emptyCache_getA_A"/>
  <testcase name="testWrite_invalidElement" time="0.0" classname="Test_2_emptyCache_getA_A"/>
  <testcase name="testWrite_validElement" time="0.0" classname="Test_2_emptyCache_getA_A"/>
  <testcase name="testAdd" time="0.0" classname="Test_3_add10_get10_9in"/>
  <testcase name="testClear" time="0.0" classname="Test_3_add10_get10_9in"/>
  <testcase name="testGetHitRate" time="0.0" classname="Test_3_add10_get10_9in"/>
  <testcase name="testGetMissRate" time="0.015" classname="Test_3_add10_get10_9in"/>
  <testcase name="testGet_invalidElement" time="0.0" classname="Test_3_add10_get10_9in"/>
  <testcase name="testGet_validElement" time="0.0" classname="Test_3_add10_get10_9in"/>
  <testcase name="testGet_validElement" time="0.0" classname="Test_3_add10_get10_9in"/>
  <testcase name="testGet_validElement" time="0.0" classname="Test_3_add10_get10_9in"/>
  <testcase name="testGet_validElement" time="0.0" classname="Test_3_add10_get10_9in"/>
  <testcase name="testGet_validElement" time="0.0" classname="Test_3_add10_get10_9in"/>
  <testcase name="testGet_validElement" time="0.0" classname="Test_3_add10_get10_9in"/>
  <testcase name="testGet_validElement" time="0.0" classname="Test_3_add10_get10_9in"/>
  <testcase name="testGet_validElement" time="0.0" classname="Test_3_add10_get10_9in"/>
  <testcase name="testGet_validElement" time="0.0" classname="Test_3_add10_get10_9in"/>
  <testcase name="testGet_validElement" time="0.0" classname="Test_3_add10_get10_9in"/>
  <testcase name="testIsEmpty" time="0.0" classname="Test_3_add10_get10_9in"/>
  <testcase name="testRemoveLast" time="0.0" classname="Test_3_add10_get10_9in"/>
  <testcase name="testRemove_invalidElement" time="0.0" classname="Test_3_add10_get10_9in"/>
  <testcase name="testRemove_validElement" time="0.0" classname="Test_3_add10_get10_9in"/>
  <testcase name="testRemove_validElement" time="0.0" classname="Test_3_add10_get10_9in"/>
  <testcase name="testRemove_validElement" time="0.0" classname="Test_3_add10_get10_9in"/>
  <testcase name="testRemove_validElement" time="0.0" classname="Test_3_add10_get10_9in"/>
  <testcase name="testRemove_validElement" time="0.0" classname="Test_3_add10_get10_9in"/>
  <testcase name="testRemove_validElement" time="0.0" classname="Test_3_add10_get10_9in"/>
  <testcase name="testRemove_validElement" time="0.0" classname="Test_3_add10_get10_9in"/>
  <testcase name="testRemove_validElement" time="0.0" classname="Test_3_add10_get10_9in"/>
  <testcase name="testRemove_validElement" time="0.0" classname="Test_3_add10_get10_9in"/>
  <testcase name="testRemove_validElement" time="0.0" classname="Test_3_add10_get10_9in"/>
  <testcase name="testWrite_invalidElement" time="0.0" classname="Test_3_add10_get10_9in"/>
  <testcase name="testWrite_validElement" time="0.0" classname="Test_3_add10_get10_9in"/>
  <testcase name="testWrite_validElement" time="0.0" classname="Test_3_add10_get10_9in"/>
  <testcase name="testWrite_validElement" time="0.0" classname="Test_3_add10_get10_9in"/>
  <testcase name="testWrite_validElement" time="0.0" classname="Test_3_add10_get10_9in"/>
  <testcase name="testWrite_validElement" time="0.0" classname="Test_3_add10_get10_9in"/>
  <testcase name="testWrite_validElement" time="0.0" classname="Test_3_add10_get10_9in"/>
  <testcase name="testWrite_validElement" time="0.0" classname="Test_3_add10_get10_9in"/>
  <testcase name="testWrite_validElement" time="0.0" classname="Test_3_add10_get10_9in"/>
  <testcase name="testWrite_validElement" time="0.0" classname="Test_3_add10_get10_9in"/>
  <testcase name="testWrite_validElement" time="0.0" classname="Test_3_add10_get10_9in"/>
  <testcase name="testAdd" time="0.0" classname="Test_4_add10_get10_5in"/>
  <testcase name="testClear" time="0.0" classname="Test_4_add10_get10_5in"/>
  <testcase name="testGetHitRate" time="0.0" classname="Test_4_add10_get10_5in"/>
  <testcase name="testGetMissRate" time="0.0" classname="Test_4_add10_get10_5in"/>
  <testcase name="testGet_invalidElement" time="0.0" classname="Test_4_add10_get10_5in"/>
  <testcase name="testGet_validElement" time="0.0" classname="Test_4_add10_get10_5in"/>
  <testcase name="testGet_validElement" time="0.0" classname="Test_4_add10_get10_5in"/>
  <testcase name="testGet_validElement" time="0.0" classname="Test_4_add10_get10_5in"/>
  <testcase name="testGet_validElement" time="0.0" classname="Test_4_add10_get10_5in"/>
  <testcase name="testGet_validElement" time="0.0" classname="Test_4_add10_get10_5in"/>
  <testcase name="testGet_validElement" time="0.0" classname="Test_4_add10_get10_5in"/>
  <testcase name="testGet_validElement" time="0.0" classname="Test_4_add10_get10_5in"/>
  <testcase name="testGet_validElement" time="0.0" classname="Test_4_add10_get10_5in"/>
  <testcase name="testGet_validElement" time="0.0" classname="Test_4_add10_get10_5in"/>
  <testcase name="testGet_validElement" time="0.0" classname="Test_4_add10_get10_5in"/>
  <testcase name="testIsEmpty" time="0.0" classname="Test_4_add10_get10_5in"/>
  <testcase name="testRemoveLast" time="0.0" classname="Test_4_add10_get10_5in"/>
  <testcase name="testRemove_invalidElement" time="0.0" classname="Test_4_add10_get10_5in"/>
  <testcase name="testRemove_validElement" time="0.0" classname="Test_4_add10_get10_5in"/>
  <testcase name="testRemove_validElement" time="0.0" classname="Test_4_add10_get10_5in"/>
  <testcase name="testRemove_validElement" time="0.0" classname="Test_4_add10_get10_5in"/>
  <testcase name="testRemove_validElement" time="0.015" classname="Test_4_add10_get10_5in"/>
  <testcase name="testRemove_validElement" time="0.0" classname="Test_4_add10_get10_5in"/>
  <testcase name="testRemove_validElement" time="0.0" classname="Test_4_add10_get10_5in"/>
  <testcase name="testRemove_validElement" time="0.0" classname="Test_4_add10_get10_5in"/>
  <testcase name="testRemove_validElement" time="0.0" classname="Test_4_add10_get10_5in"/>
  <testcase name="testRemove_validElement" time="0.0" classname="Test_4_add10_get10_5in"/>
  <testcase name="testRemove_validElement" time="0.0" classname="Test_4_add10_get10_5in"/>
  <testcase name="testWrite_invalidElement" time="0.0" classname="Test_4_add10_get10_5in"/>
  <testcase name="testWrite_validElement" time="0.0" classname="Test_4_add10_get10_5in"/>
  <testcase name="testWrite_validElement" time="0.0" classname="Test_4_add10_get10_5in"/>
  <testcase name="testWrite_validElement" time="0.015" classname="Test_4_add10_get10_5in"/>
  <testcase name="testWrite_validElement" time="0.0" classname="Test_4_add10_get10_5in"/>
  <testcase name="testWrite_validElement" time="0.0" classname="Test_4_add10_get10_5in"/>
  <testcase name="testWrite_validElement" time="0.0" classname="Test_4_add10_get10_5in"/>
  <testcase name="testWrite_validElement" time="0.0" classname="Test_4_add10_get10_5in"/>
  <testcase name="testWrite_validElement" time="0.0" classname="Test_4_add10_get10_5in"/>
  <testcase name="testWrite_validElement" time="0.0" classname="Test_4_add10_get10_5in"/>
  <testcase name="testWrite_validElement" time="0.016" classname="Test_4_add10_get10_5in"/>
  <testcase name="testAdd" time="0.0" classname="Test_5_add10_get10_9in_clear"/>
  <testcase name="testClear" time="0.0" classname="Test_5_add10_get10_9in_clear"/>
  <testcase name="testGet" time="0.0" classname="Test_5_add10_get10_9in_clear"/>
  <testcase name="testGetHitRate" time="0.0" classname="Test_5_add10_get10_9in_clear"/>
  <testcase name="testGetMissRate" time="0.0" classname="Test_5_add10_get10_9in_clear"/>
  <testcase name="testIsEmpty" time="0.0" classname="Test_5_add10_get10_9in_clear"/>
  <testcase name="testRemove" time="0.0" classname="Test_5_add10_get10_9in_clear"/>
  <testcase name="testRemoveLast" time="0.0" classname="Test_5_add10_get10_9in_clear"/>
  <testcase name="testWrite" time="0.0" classname="Test_5_add10_get10_9in_clear"/>
  <testcase name="testAdd" time="0.0" classname="Test_6_add10_get10_5in_clear"/>
  <testcase name="testClear" time="0.0" classname="Test_6_add10_get10_5in_clear"/>
  <testcase name="testGet" time="0.0" classname="Test_6_add10_get10_5in_clear"/>
  <testcase name="testGetHitRate" time="0.0" classname="Test_6_add10_get10_5in_clear"/>
  <testcase name="testGetMissRate" time="0.0" classname="Test_6_add10_get10_5in_clear"/>
  <testcase name="testIsEmpty" time="0.0" classname="Test_6_add10_get10_5in_clear"/>
  <testcase name="testRemove" time="0.0" classname="Test_6_add10_get10_5in_clear"/>
  <testcase name="testRemoveLast" time="0.0" classname="Test_6_add10_get10_5in_clear"/>
  <testcase name="testWrite" time="0.0" classname="Test_6_add10_get10_5in_clear"/>
</testsuite>
