<?xml version="1.0" encoding="UTF-8"?>
<!-- Generated by org.testng.reporters.JUnitXMLReporter -->
<testsuite hostname="DESKTOP-A53R77R" ignored="0" tests="1283" failures="0" timestamp="28 Oct 2018 04:15:36 GMT" time="3.009" errors="0">
  <testcase name="testClear" time="0.007" classname="HashTableTest_0_newTable_default"/>
  <testcase name="testContains" time="0.006" classname="HashTableTest_0_newTable_default"/>
  <testcase name="testGetCapacity" time="0.001" classname="HashTableTest_0_newTable_default"/>
  <testcase name="testGetFrequency" time="0.003" classname="HashTableTest_0_newTable_default"/>
  <testcase name="testGetHash" time="0.006" classname="HashTableTest_0_newTable_default"/>
  <testcase name="testGetLoadFactor" time="0.005" classname="HashTableTest_0_newTable_default"/>
  <testcase name="testGetMaxSize" time="0.002" classname="HashTableTest_0_newTable_default"/>
  <testcase name="testGetNumDuplicates" time="0.002" classname="HashTableTest_0_newTable_default"/>
  <testcase name="testGetNumProbes" time="0.003" classname="HashTableTest_0_newTable_default"/>
  <testcase name="testGetType" time="0.002" classname="HashTableTest_0_newTable_default"/>
  <testcase name="testIsEmpty" time="0.002" classname="HashTableTest_0_newTable_default"/>
  <testcase name="testPut" time="0.002" classname="HashTableTest_0_newTable_default"/>
  <testcase name="testRemove" time="0.003" classname="HashTableTest_0_newTable_default"/>
  <testcase name="testSize" time="0.002" classname="HashTableTest_0_newTable_default"/>
  <testcase name="testClear" time="0.001" classname="HashTableTest_01a_emptyHashTable_putA0_A0_default"/>
  <testcase name="testContains_Invalid" time="0.004" classname="HashTableTest_01a_emptyHashTable_putA0_A0_default"/>
  <testcase name="testContains_Valid" time="0.002" classname="HashTableTest_01a_emptyHashTable_putA0_A0_default"/>
  <testcase name="testGetCapacity" time="0.002" classname="HashTableTest_01a_emptyHashTable_putA0_A0_default"/>
  <testcase name="testGetFrequency_Invalid" time="0.001" classname="HashTableTest_01a_emptyHashTable_putA0_A0_default"/>
  <testcase name="testGetFrequency_Valid" time="0.002" classname="HashTableTest_01a_emptyHashTable_putA0_A0_default"/>
  <testcase name="testGetHash" time="0.001" classname="HashTableTest_01a_emptyHashTable_putA0_A0_default"/>
  <testcase name="testGetLoadFactor" time="0.002" classname="HashTableTest_01a_emptyHashTable_putA0_A0_default"/>
  <testcase name="testGetMaxSize" time="0.0" classname="HashTableTest_01a_emptyHashTable_putA0_A0_default"/>
  <testcase name="testGetNumDuplicates" time="0.001" classname="HashTableTest_01a_emptyHashTable_putA0_A0_default"/>
  <testcase name="testGetNumProbes" time="0.001" classname="HashTableTest_01a_emptyHashTable_putA0_A0_default"/>
  <testcase name="testGetType" time="0.001" classname="HashTableTest_01a_emptyHashTable_putA0_A0_default"/>
  <testcase name="testIsEmpty" time="0.0" classname="HashTableTest_01a_emptyHashTable_putA0_A0_default"/>
  <testcase name="testPut" time="0.004" classname="HashTableTest_01a_emptyHashTable_putA0_A0_default"/>
  <testcase name="testRemove_Invalid" time="0.004" classname="HashTableTest_01a_emptyHashTable_putA0_A0_default"/>
  <testcase name="testRemove_Valid" time="0.001" classname="HashTableTest_01a_emptyHashTable_putA0_A0_default"/>
  <testcase name="testSize" time="0.001" classname="HashTableTest_01a_emptyHashTable_putA0_A0_default"/>
  <testcase name="testClear" time="0.002" classname="HashTableTest_01b_emptyHashTable_putD3_D3_default"/>
  <testcase name="testContains_Invalid" time="0.001" classname="HashTableTest_01b_emptyHashTable_putD3_D3_default"/>
  <testcase name="testContains_Valid" time="0.002" classname="HashTableTest_01b_emptyHashTable_putD3_D3_default"/>
  <testcase name="testGetCapacity" time="0.001" classname="HashTableTest_01b_emptyHashTable_putD3_D3_default"/>
  <testcase name="testGetFrequency_Invalid" time="0.001" classname="HashTableTest_01b_emptyHashTable_putD3_D3_default"/>
  <testcase name="testGetFrequency_Valid" time="0.001" classname="HashTableTest_01b_emptyHashTable_putD3_D3_default"/>
  <testcase name="testGetHash" time="0.001" classname="HashTableTest_01b_emptyHashTable_putD3_D3_default"/>
  <testcase name="testGetLoadFactor" time="0.001" classname="HashTableTest_01b_emptyHashTable_putD3_D3_default"/>
  <testcase name="testGetMaxSize" time="0.001" classname="HashTableTest_01b_emptyHashTable_putD3_D3_default"/>
  <testcase name="testGetNumDuplicates" time="0.001" classname="HashTableTest_01b_emptyHashTable_putD3_D3_default"/>
  <testcase name="testGetNumProbes" time="0.002" classname="HashTableTest_01b_emptyHashTable_putD3_D3_default"/>
  <testcase name="testGetType" time="0.002" classname="HashTableTest_01b_emptyHashTable_putD3_D3_default"/>
  <testcase name="testIsEmpty" time="0.001" classname="HashTableTest_01b_emptyHashTable_putD3_D3_default"/>
  <testcase name="testPut" time="0.001" classname="HashTableTest_01b_emptyHashTable_putD3_D3_default"/>
  <testcase name="testRemove_Invalid" time="0.001" classname="HashTableTest_01b_emptyHashTable_putD3_D3_default"/>
  <testcase name="testRemove_Valid" time="0.0" classname="HashTableTest_01b_emptyHashTable_putD3_D3_default"/>
  <testcase name="testSize" time="0.001" classname="HashTableTest_01b_emptyHashTable_putD3_D3_default"/>
  <testcase name="testClear" time="0.001" classname="HashTableTest_01c_emptyHashTable_putG6_G6_default"/>
  <testcase name="testContains_Invalid" time="0.002" classname="HashTableTest_01c_emptyHashTable_putG6_G6_default"/>
  <testcase name="testContains_Valid" time="0.001" classname="HashTableTest_01c_emptyHashTable_putG6_G6_default"/>
  <testcase name="testGetCapacity" time="0.001" classname="HashTableTest_01c_emptyHashTable_putG6_G6_default"/>
  <testcase name="testGetFrequency_Invalid" time="0.0" classname="HashTableTest_01c_emptyHashTable_putG6_G6_default"/>
  <testcase name="testGetFrequency_Valid" time="0.002" classname="HashTableTest_01c_emptyHashTable_putG6_G6_default"/>
  <testcase name="testGetHash" time="0.001" classname="HashTableTest_01c_emptyHashTable_putG6_G6_default"/>
  <testcase name="testGetLoadFactor" time="0.001" classname="HashTableTest_01c_emptyHashTable_putG6_G6_default"/>
  <testcase name="testGetMaxSize" time="0.001" classname="HashTableTest_01c_emptyHashTable_putG6_G6_default"/>
  <testcase name="testGetNumDuplicates" time="0.001" classname="HashTableTest_01c_emptyHashTable_putG6_G6_default"/>
  <testcase name="testGetNumProbes" time="0.001" classname="HashTableTest_01c_emptyHashTable_putG6_G6_default"/>
  <testcase name="testGetType" time="0.002" classname="HashTableTest_01c_emptyHashTable_putG6_G6_default"/>
  <testcase name="testIsEmpty" time="0.001" classname="HashTableTest_01c_emptyHashTable_putG6_G6_default"/>
  <testcase name="testPut" time="0.001" classname="HashTableTest_01c_emptyHashTable_putG6_G6_default"/>
  <testcase name="testRemove_Invalid" time="0.001" classname="HashTableTest_01c_emptyHashTable_putG6_G6_default"/>
  <testcase name="testRemove_Valid" time="0.001" classname="HashTableTest_01c_emptyHashTable_putG6_G6_default"/>
  <testcase name="testSize" time="0.0" classname="HashTableTest_01c_emptyHashTable_putG6_G6_default"/>
  <testcase name="testClear" time="0.001" classname="HashTableTest_01d_emptyHashTable_putJ9_J9_default"/>
  <testcase name="testContains_Invalid" time="0.003" classname="HashTableTest_01d_emptyHashTable_putJ9_J9_default"/>
  <testcase name="testContains_Valid" time="0.003" classname="HashTableTest_01d_emptyHashTable_putJ9_J9_default"/>
  <testcase name="testGetCapacity" time="0.001" classname="HashTableTest_01d_emptyHashTable_putJ9_J9_default"/>
  <testcase name="testGetFrequency_Invalid" time="0.001" classname="HashTableTest_01d_emptyHashTable_putJ9_J9_default"/>
  <testcase name="testGetFrequency_Valid" time="0.001" classname="HashTableTest_01d_emptyHashTable_putJ9_J9_default"/>
  <testcase name="testGetHash" time="0.001" classname="HashTableTest_01d_emptyHashTable_putJ9_J9_default"/>
  <testcase name="testGetLoadFactor" time="0.001" classname="HashTableTest_01d_emptyHashTable_putJ9_J9_default"/>
  <testcase name="testGetMaxSize" time="0.001" classname="HashTableTest_01d_emptyHashTable_putJ9_J9_default"/>
  <testcase name="testGetNumDuplicates" time="0.001" classname="HashTableTest_01d_emptyHashTable_putJ9_J9_default"/>
  <testcase name="testGetNumProbes" time="0.001" classname="HashTableTest_01d_emptyHashTable_putJ9_J9_default"/>
  <testcase name="testGetType" time="0.001" classname="HashTableTest_01d_emptyHashTable_putJ9_J9_default"/>
  <testcase name="testIsEmpty" time="0.001" classname="HashTableTest_01d_emptyHashTable_putJ9_J9_default"/>
  <testcase name="testPut" time="0.001" classname="HashTableTest_01d_emptyHashTable_putJ9_J9_default"/>
  <testcase name="testRemove_Invalid" time="0.001" classname="HashTableTest_01d_emptyHashTable_putJ9_J9_default"/>
  <testcase name="testRemove_Valid" time="0.001" classname="HashTableTest_01d_emptyHashTable_putJ9_J9_default"/>
  <testcase name="testSize" time="0.001" classname="HashTableTest_01d_emptyHashTable_putJ9_J9_default"/>
  <testcase name="testClear" time="0.001" classname="HashTableTest_01e_emptyHashTable_putM12_M12_default"/>
  <testcase name="testContains_Invalid" time="0.003" classname="HashTableTest_01e_emptyHashTable_putM12_M12_default"/>
  <testcase name="testContains_Valid" time="0.001" classname="HashTableTest_01e_emptyHashTable_putM12_M12_default"/>
  <testcase name="testGetCapacity" time="0.002" classname="HashTableTest_01e_emptyHashTable_putM12_M12_default"/>
  <testcase name="testGetFrequency_Invalid" time="0.001" classname="HashTableTest_01e_emptyHashTable_putM12_M12_default"/>
  <testcase name="testGetFrequency_Valid" time="0.001" classname="HashTableTest_01e_emptyHashTable_putM12_M12_default"/>
  <testcase name="testGetHash" time="0.001" classname="HashTableTest_01e_emptyHashTable_putM12_M12_default"/>
  <testcase name="testGetLoadFactor" time="0.001" classname="HashTableTest_01e_emptyHashTable_putM12_M12_default"/>
  <testcase name="testGetMaxSize" time="0.001" classname="HashTableTest_01e_emptyHashTable_putM12_M12_default"/>
  <testcase name="testGetNumDuplicates" time="0.001" classname="HashTableTest_01e_emptyHashTable_putM12_M12_default"/>
  <testcase name="testGetNumProbes" time="0.002" classname="HashTableTest_01e_emptyHashTable_putM12_M12_default"/>
  <testcase name="testGetType" time="0.001" classname="HashTableTest_01e_emptyHashTable_putM12_M12_default"/>
  <testcase name="testIsEmpty" time="0.004" classname="HashTableTest_01e_emptyHashTable_putM12_M12_default"/>
  <testcase name="testPut" time="0.002" classname="HashTableTest_01e_emptyHashTable_putM12_M12_default"/>
  <testcase name="testRemove_Invalid" time="0.002" classname="HashTableTest_01e_emptyHashTable_putM12_M12_default"/>
  <testcase name="testRemove_Valid" time="0.0" classname="HashTableTest_01e_emptyHashTable_putM12_M12_default"/>
  <testcase name="testSize" time="0.001" classname="HashTableTest_01e_emptyHashTable_putM12_M12_default"/>
  <testcase name="testClear" time="0.001" classname="HashTableTest_10a_A0_removeA0_emptyHashTable_default"/>
  <testcase name="testContains" time="0.0" classname="HashTableTest_10a_A0_removeA0_emptyHashTable_default"/>
  <testcase name="testGetCapacity" time="0.001" classname="HashTableTest_10a_A0_removeA0_emptyHashTable_default"/>
  <testcase name="testGetFrequency" time="0.001" classname="HashTableTest_10a_A0_removeA0_emptyHashTable_default"/>
  <testcase name="testGetHash" time="0.001" classname="HashTableTest_10a_A0_removeA0_emptyHashTable_default"/>
  <testcase name="testGetLoadFactor" time="0.001" classname="HashTableTest_10a_A0_removeA0_emptyHashTable_default"/>
  <testcase name="testGetMaxSize" time="0.001" classname="HashTableTest_10a_A0_removeA0_emptyHashTable_default"/>
  <testcase name="testGetNumDuplicates" time="0.004" classname="HashTableTest_10a_A0_removeA0_emptyHashTable_default"/>
  <testcase name="testGetNumProbes" time="0.003" classname="HashTableTest_10a_A0_removeA0_emptyHashTable_default"/>
  <testcase name="testGetType" time="0.001" classname="HashTableTest_10a_A0_removeA0_emptyHashTable_default"/>
  <testcase name="testIsEmpty" time="0.0" classname="HashTableTest_10a_A0_removeA0_emptyHashTable_default"/>
  <testcase name="testPut" time="0.001" classname="HashTableTest_10a_A0_removeA0_emptyHashTable_default"/>
  <testcase name="testRemove" time="0.002" classname="HashTableTest_10a_A0_removeA0_emptyHashTable_default"/>
  <testcase name="testSize" time="0.001" classname="HashTableTest_10a_A0_removeA0_emptyHashTable_default"/>
  <testcase name="testClear" time="0.0" classname="HashTableTest_10b_C2_removeC2_emptyHashTable_default"/>
  <testcase name="testContains" time="0.002" classname="HashTableTest_10b_C2_removeC2_emptyHashTable_default"/>
  <testcase name="testGetCapacity" time="0.002" classname="HashTableTest_10b_C2_removeC2_emptyHashTable_default"/>
  <testcase name="testGetFrequency" time="0.001" classname="HashTableTest_10b_C2_removeC2_emptyHashTable_default"/>
  <testcase name="testGetHash" time="0.002" classname="HashTableTest_10b_C2_removeC2_emptyHashTable_default"/>
  <testcase name="testGetLoadFactor" time="0.001" classname="HashTableTest_10b_C2_removeC2_emptyHashTable_default"/>
  <testcase name="testGetMaxSize" time="0.0" classname="HashTableTest_10b_C2_removeC2_emptyHashTable_default"/>
  <testcase name="testGetNumDuplicates" time="0.002" classname="HashTableTest_10b_C2_removeC2_emptyHashTable_default"/>
  <testcase name="testGetNumProbes" time="0.001" classname="HashTableTest_10b_C2_removeC2_emptyHashTable_default"/>
  <testcase name="testGetType" time="0.003" classname="HashTableTest_10b_C2_removeC2_emptyHashTable_default"/>
  <testcase name="testIsEmpty" time="0.0" classname="HashTableTest_10b_C2_removeC2_emptyHashTable_default"/>
  <testcase name="testPut" time="0.001" classname="HashTableTest_10b_C2_removeC2_emptyHashTable_default"/>
  <testcase name="testRemove" time="0.003" classname="HashTableTest_10b_C2_removeC2_emptyHashTable_default"/>
  <testcase name="testSize" time="0.003" classname="HashTableTest_10b_C2_removeC2_emptyHashTable_default"/>
  <testcase name="testClear" time="0.001" classname="HashTableTest_10c_E4_removeE4_emptyHashTable_default"/>
  <testcase name="testContains" time="0.0" classname="HashTableTest_10c_E4_removeE4_emptyHashTable_default"/>
  <testcase name="testGetCapacity" time="0.002" classname="HashTableTest_10c_E4_removeE4_emptyHashTable_default"/>
  <testcase name="testGetFrequency" time="0.0" classname="HashTableTest_10c_E4_removeE4_emptyHashTable_default"/>
  <testcase name="testGetHash" time="0.001" classname="HashTableTest_10c_E4_removeE4_emptyHashTable_default"/>
  <testcase name="testGetLoadFactor" time="0.001" classname="HashTableTest_10c_E4_removeE4_emptyHashTable_default"/>
  <testcase name="testGetMaxSize" time="0.0" classname="HashTableTest_10c_E4_removeE4_emptyHashTable_default"/>
  <testcase name="testGetNumDuplicates" time="0.0" classname="HashTableTest_10c_E4_removeE4_emptyHashTable_default"/>
  <testcase name="testGetNumProbes" time="0.0" classname="HashTableTest_10c_E4_removeE4_emptyHashTable_default"/>
  <testcase name="testGetType" time="0.0" classname="HashTableTest_10c_E4_removeE4_emptyHashTable_default"/>
  <testcase name="testIsEmpty" time="0.001" classname="HashTableTest_10c_E4_removeE4_emptyHashTable_default"/>
  <testcase name="testPut" time="0.001" classname="HashTableTest_10c_E4_removeE4_emptyHashTable_default"/>
  <testcase name="testRemove" time="0.001" classname="HashTableTest_10c_E4_removeE4_emptyHashTable_default"/>
  <testcase name="testSize" time="0.0" classname="HashTableTest_10c_E4_removeE4_emptyHashTable_default"/>
  <testcase name="testClear" time="0.0" classname="HashTableTest_10d_G6_removeG6_emptyHashTable_default"/>
  <testcase name="testContains" time="0.0" classname="HashTableTest_10d_G6_removeG6_emptyHashTable_default"/>
  <testcase name="testGetCapacity" time="0.001" classname="HashTableTest_10d_G6_removeG6_emptyHashTable_default"/>
  <testcase name="testGetFrequency" time="0.001" classname="HashTableTest_10d_G6_removeG6_emptyHashTable_default"/>
  <testcase name="testGetHash" time="0.0" classname="HashTableTest_10d_G6_removeG6_emptyHashTable_default"/>
  <testcase name="testGetLoadFactor" time="0.001" classname="HashTableTest_10d_G6_removeG6_emptyHashTable_default"/>
  <testcase name="testGetMaxSize" time="0.001" classname="HashTableTest_10d_G6_removeG6_emptyHashTable_default"/>
  <testcase name="testGetNumDuplicates" time="0.001" classname="HashTableTest_10d_G6_removeG6_emptyHashTable_default"/>
  <testcase name="testGetNumProbes" time="0.001" classname="HashTableTest_10d_G6_removeG6_emptyHashTable_default"/>
  <testcase name="testGetType" time="0.001" classname="HashTableTest_10d_G6_removeG6_emptyHashTable_default"/>
  <testcase name="testIsEmpty" time="0.001" classname="HashTableTest_10d_G6_removeG6_emptyHashTable_default"/>
  <testcase name="testPut" time="0.001" classname="HashTableTest_10d_G6_removeG6_emptyHashTable_default"/>
  <testcase name="testRemove" time="0.001" classname="HashTableTest_10d_G6_removeG6_emptyHashTable_default"/>
  <testcase name="testSize" time="0.0" classname="HashTableTest_10d_G6_removeG6_emptyHashTable_default"/>
  <testcase name="testClear" time="0.001" classname="HashTableTest_10e_I8_removeI8_emptyHashTable_default"/>
  <testcase name="testContains" time="0.001" classname="HashTableTest_10e_I8_removeI8_emptyHashTable_default"/>
  <testcase name="testGetCapacity" time="0.0" classname="HashTableTest_10e_I8_removeI8_emptyHashTable_default"/>
  <testcase name="testGetFrequency" time="0.001" classname="HashTableTest_10e_I8_removeI8_emptyHashTable_default"/>
  <testcase name="testGetHash" time="0.0" classname="HashTableTest_10e_I8_removeI8_emptyHashTable_default"/>
  <testcase name="testGetLoadFactor" time="0.001" classname="HashTableTest_10e_I8_removeI8_emptyHashTable_default"/>
  <testcase name="testGetMaxSize" time="0.0" classname="HashTableTest_10e_I8_removeI8_emptyHashTable_default"/>
  <testcase name="testGetNumDuplicates" time="0.001" classname="HashTableTest_10e_I8_removeI8_emptyHashTable_default"/>
  <testcase name="testGetNumProbes" time="0.001" classname="HashTableTest_10e_I8_removeI8_emptyHashTable_default"/>
  <testcase name="testGetType" time="0.001" classname="HashTableTest_10e_I8_removeI8_emptyHashTable_default"/>
  <testcase name="testIsEmpty" time="0.001" classname="HashTableTest_10e_I8_removeI8_emptyHashTable_default"/>
  <testcase name="testPut" time="0.0" classname="HashTableTest_10e_I8_removeI8_emptyHashTable_default"/>
  <testcase name="testRemove" time="0.001" classname="HashTableTest_10e_I8_removeI8_emptyHashTable_default"/>
  <testcase name="testSize" time="0.001" classname="HashTableTest_10e_I8_removeI8_emptyHashTable_default"/>
  <testcase name="testClear" time="0.0" classname="HashTableTest_10f_K10_removeK10_emptyHashTable_default"/>
  <testcase name="testContains" time="0.001" classname="HashTableTest_10f_K10_removeK10_emptyHashTable_default"/>
  <testcase name="testGetCapacity" time="0.0" classname="HashTableTest_10f_K10_removeK10_emptyHashTable_default"/>
  <testcase name="testGetFrequency" time="0.0" classname="HashTableTest_10f_K10_removeK10_emptyHashTable_default"/>
  <testcase name="testGetHash" time="0.0" classname="HashTableTest_10f_K10_removeK10_emptyHashTable_default"/>
  <testcase name="testGetLoadFactor" time="0.001" classname="HashTableTest_10f_K10_removeK10_emptyHashTable_default"/>
  <testcase name="testGetMaxSize" time="0.0" classname="HashTableTest_10f_K10_removeK10_emptyHashTable_default"/>
  <testcase name="testGetNumDuplicates" time="0.001" classname="HashTableTest_10f_K10_removeK10_emptyHashTable_default"/>
  <testcase name="testGetNumProbes" time="0.001" classname="HashTableTest_10f_K10_removeK10_emptyHashTable_default"/>
  <testcase name="testGetType" time="0.0" classname="HashTableTest_10f_K10_removeK10_emptyHashTable_default"/>
  <testcase name="testIsEmpty" time="0.0" classname="HashTableTest_10f_K10_removeK10_emptyHashTable_default"/>
  <testcase name="testPut" time="0.0" classname="HashTableTest_10f_K10_removeK10_emptyHashTable_default"/>
  <testcase name="testRemove" time="0.0" classname="HashTableTest_10f_K10_removeK10_emptyHashTable_default"/>
  <testcase name="testSize" time="0.001" classname="HashTableTest_10f_K10_removeK10_emptyHashTable_default"/>
  <testcase name="testClear" time="0.001" classname="HashTableTest_10g_M12_removeM12_emptyHashTable_default"/>
  <testcase name="testContains" time="0.002" classname="HashTableTest_10g_M12_removeM12_emptyHashTable_default"/>
  <testcase name="testGetCapacity" time="0.0" classname="HashTableTest_10g_M12_removeM12_emptyHashTable_default"/>
  <testcase name="testGetFrequency" time="0.001" classname="HashTableTest_10g_M12_removeM12_emptyHashTable_default"/>
  <testcase name="testGetHash" time="0.001" classname="HashTableTest_10g_M12_removeM12_emptyHashTable_default"/>
  <testcase name="testGetLoadFactor" time="0.0" classname="HashTableTest_10g_M12_removeM12_emptyHashTable_default"/>
  <testcase name="testGetMaxSize" time="0.006" classname="HashTableTest_10g_M12_removeM12_emptyHashTable_default"/>
  <testcase name="testGetNumDuplicates" time="0.0" classname="HashTableTest_10g_M12_removeM12_emptyHashTable_default"/>
  <testcase name="testGetNumProbes" time="0.001" classname="HashTableTest_10g_M12_removeM12_emptyHashTable_default"/>
  <testcase name="testGetType" time="0.001" classname="HashTableTest_10g_M12_removeM12_emptyHashTable_default"/>
  <testcase name="testIsEmpty" time="0.001" classname="HashTableTest_10g_M12_removeM12_emptyHashTable_default"/>
  <testcase name="testPut" time="0.0" classname="HashTableTest_10g_M12_removeM12_emptyHashTable_default"/>
  <testcase name="testRemove" time="0.001" classname="HashTableTest_10g_M12_removeM12_emptyHashTable_default"/>
  <testcase name="testSize" time="0.003" classname="HashTableTest_10g_M12_removeM12_emptyHashTable_default"/>
  <testcase name="testClear" time="0.0" classname="HashTableTest_10h_N13_removeN13_emptyHashTable_default"/>
  <testcase name="testContains" time="0.0" classname="HashTableTest_10h_N13_removeN13_emptyHashTable_default"/>
  <testcase name="testGetCapacity" time="0.0" classname="HashTableTest_10h_N13_removeN13_emptyHashTable_default"/>
  <testcase name="testGetFrequency" time="0.0" classname="HashTableTest_10h_N13_removeN13_emptyHashTable_default"/>
  <testcase name="testGetHash" time="0.001" classname="HashTableTest_10h_N13_removeN13_emptyHashTable_default"/>
  <testcase name="testGetLoadFactor" time="0.001" classname="HashTableTest_10h_N13_removeN13_emptyHashTable_default"/>
  <testcase name="testGetMaxSize" time="0.001" classname="HashTableTest_10h_N13_removeN13_emptyHashTable_default"/>
  <testcase name="testGetNumDuplicates" time="0.0" classname="HashTableTest_10h_N13_removeN13_emptyHashTable_default"/>
  <testcase name="testGetNumProbes" time="0.0" classname="HashTableTest_10h_N13_removeN13_emptyHashTable_default"/>
  <testcase name="testGetType" time="0.0" classname="HashTableTest_10h_N13_removeN13_emptyHashTable_default"/>
  <testcase name="testIsEmpty" time="0.001" classname="HashTableTest_10h_N13_removeN13_emptyHashTable_default"/>
  <testcase name="testPut" time="0.0" classname="HashTableTest_10h_N13_removeN13_emptyHashTable_default"/>
  <testcase name="testRemove" time="0.001" classname="HashTableTest_10h_N13_removeN13_emptyHashTable_default"/>
  <testcase name="testSize" time="0.001" classname="HashTableTest_10h_N13_removeN13_emptyHashTable_default"/>
  <testcase name="testClear" time="0.0" classname="HashTableTest_11a_A0_putA0_A0_default"/>
  <testcase name="testContains_Invalid" time="0.001" classname="HashTableTest_11a_A0_putA0_A0_default"/>
  <testcase name="testContains_Valid" time="0.001" classname="HashTableTest_11a_A0_putA0_A0_default"/>
  <testcase name="testGetCapacity" time="0.001" classname="HashTableTest_11a_A0_putA0_A0_default"/>
  <testcase name="testGetFrequency_Invalid" time="0.0" classname="HashTableTest_11a_A0_putA0_A0_default"/>
  <testcase name="testGetFrequency_Valid" time="0.0" classname="HashTableTest_11a_A0_putA0_A0_default"/>
  <testcase name="testGetHash" time="0.001" classname="HashTableTest_11a_A0_putA0_A0_default"/>
  <testcase name="testGetLoadFactor" time="0.0" classname="HashTableTest_11a_A0_putA0_A0_default"/>
  <testcase name="testGetMaxSize" time="0.001" classname="HashTableTest_11a_A0_putA0_A0_default"/>
  <testcase name="testGetNumDuplicates" time="0.0" classname="HashTableTest_11a_A0_putA0_A0_default"/>
  <testcase name="testGetNumProbes" time="0.001" classname="HashTableTest_11a_A0_putA0_A0_default"/>
  <testcase name="testGetType" time="0.001" classname="HashTableTest_11a_A0_putA0_A0_default"/>
  <testcase name="testIsEmpty" time="0.0" classname="HashTableTest_11a_A0_putA0_A0_default"/>
  <testcase name="testPut" time="0.001" classname="HashTableTest_11a_A0_putA0_A0_default"/>
  <testcase name="testRemove_Invalid" time="0.001" classname="HashTableTest_11a_A0_putA0_A0_default"/>
  <testcase name="testRemove_Valid" time="0.001" classname="HashTableTest_11a_A0_putA0_A0_default"/>
  <testcase name="testSize" time="0.001" classname="HashTableTest_11a_A0_putA0_A0_default"/>
  <testcase name="testClear" time="0.001" classname="HashTableTest_11b_D3_putD3_D3_default"/>
  <testcase name="testContains_Invalid" time="0.001" classname="HashTableTest_11b_D3_putD3_D3_default"/>
  <testcase name="testContains_Valid" time="0.0" classname="HashTableTest_11b_D3_putD3_D3_default"/>
  <testcase name="testGetCapacity" time="0.0" classname="HashTableTest_11b_D3_putD3_D3_default"/>
  <testcase name="testGetFrequency_Invalid" time="0.001" classname="HashTableTest_11b_D3_putD3_D3_default"/>
  <testcase name="testGetFrequency_Valid" time="0.0" classname="HashTableTest_11b_D3_putD3_D3_default"/>
  <testcase name="testGetHash" time="0.003" classname="HashTableTest_11b_D3_putD3_D3_default"/>
  <testcase name="testGetLoadFactor" time="0.003" classname="HashTableTest_11b_D3_putD3_D3_default"/>
  <testcase name="testGetMaxSize" time="0.002" classname="HashTableTest_11b_D3_putD3_D3_default"/>
  <testcase name="testGetNumDuplicates" time="0.001" classname="HashTableTest_11b_D3_putD3_D3_default"/>
  <testcase name="testGetNumProbes" time="0.001" classname="HashTableTest_11b_D3_putD3_D3_default"/>
  <testcase name="testGetType" time="0.005" classname="HashTableTest_11b_D3_putD3_D3_default"/>
  <testcase name="testIsEmpty" time="0.001" classname="HashTableTest_11b_D3_putD3_D3_default"/>
  <testcase name="testPut" time="0.0" classname="HashTableTest_11b_D3_putD3_D3_default"/>
  <testcase name="testRemove_Invalid" time="0.005" classname="HashTableTest_11b_D3_putD3_D3_default"/>
  <testcase name="testRemove_Valid" time="0.001" classname="HashTableTest_11b_D3_putD3_D3_default"/>
  <testcase name="testSize" time="0.0" classname="HashTableTest_11b_D3_putD3_D3_default"/>
  <testcase name="testClear" time="0.001" classname="HashTableTest_11c_G6_putG6_G6_default"/>
  <testcase name="testContains_Invalid" time="0.001" classname="HashTableTest_11c_G6_putG6_G6_default"/>
  <testcase name="testContains_Valid" time="0.0" classname="HashTableTest_11c_G6_putG6_G6_default"/>
  <testcase name="testGetCapacity" time="0.001" classname="HashTableTest_11c_G6_putG6_G6_default"/>
  <testcase name="testGetFrequency_Invalid" time="0.0" classname="HashTableTest_11c_G6_putG6_G6_default"/>
  <testcase name="testGetFrequency_Valid" time="0.001" classname="HashTableTest_11c_G6_putG6_G6_default"/>
  <testcase name="testGetHash" time="0.0" classname="HashTableTest_11c_G6_putG6_G6_default"/>
  <testcase name="testGetLoadFactor" time="0.001" classname="HashTableTest_11c_G6_putG6_G6_default"/>
  <testcase name="testGetMaxSize" time="0.001" classname="HashTableTest_11c_G6_putG6_G6_default"/>
  <testcase name="testGetNumDuplicates" time="0.001" classname="HashTableTest_11c_G6_putG6_G6_default"/>
  <testcase name="testGetNumProbes" time="0.0" classname="HashTableTest_11c_G6_putG6_G6_default"/>
  <testcase name="testGetType" time="0.001" classname="HashTableTest_11c_G6_putG6_G6_default"/>
  <testcase name="testIsEmpty" time="0.001" classname="HashTableTest_11c_G6_putG6_G6_default"/>
  <testcase name="testPut" time="0.001" classname="HashTableTest_11c_G6_putG6_G6_default"/>
  <testcase name="testRemove_Invalid" time="0.001" classname="HashTableTest_11c_G6_putG6_G6_default"/>
  <testcase name="testRemove_Valid" time="0.0" classname="HashTableTest_11c_G6_putG6_G6_default"/>
  <testcase name="testSize" time="0.0" classname="HashTableTest_11c_G6_putG6_G6_default"/>
  <testcase name="testClear" time="0.001" classname="HashTableTest_11d_J9_putJ9_J9_default"/>
  <testcase name="testContains_Invalid" time="0.0" classname="HashTableTest_11d_J9_putJ9_J9_default"/>
  <testcase name="testContains_Valid" time="0.0" classname="HashTableTest_11d_J9_putJ9_J9_default"/>
  <testcase name="testGetCapacity" time="0.0" classname="HashTableTest_11d_J9_putJ9_J9_default"/>
  <testcase name="testGetFrequency_Invalid" time="0.0" classname="HashTableTest_11d_J9_putJ9_J9_default"/>
  <testcase name="testGetFrequency_Valid" time="0.0" classname="HashTableTest_11d_J9_putJ9_J9_default"/>
  <testcase name="testGetHash" time="0.001" classname="HashTableTest_11d_J9_putJ9_J9_default"/>
  <testcase name="testGetLoadFactor" time="0.0" classname="HashTableTest_11d_J9_putJ9_J9_default"/>
  <testcase name="testGetMaxSize" time="0.0" classname="HashTableTest_11d_J9_putJ9_J9_default"/>
  <testcase name="testGetNumDuplicates" time="0.001" classname="HashTableTest_11d_J9_putJ9_J9_default"/>
  <testcase name="testGetNumProbes" time="0.0" classname="HashTableTest_11d_J9_putJ9_J9_default"/>
  <testcase name="testGetType" time="0.001" classname="HashTableTest_11d_J9_putJ9_J9_default"/>
  <testcase name="testIsEmpty" time="0.0" classname="HashTableTest_11d_J9_putJ9_J9_default"/>
  <testcase name="testPut" time="0.0" classname="HashTableTest_11d_J9_putJ9_J9_default"/>
  <testcase name="testRemove_Invalid" time="0.0" classname="HashTableTest_11d_J9_putJ9_J9_default"/>
  <testcase name="testRemove_Valid" time="0.001" classname="HashTableTest_11d_J9_putJ9_J9_default"/>
  <testcase name="testSize" time="0.001" classname="HashTableTest_11d_J9_putJ9_J9_default"/>
  <testcase name="testClear" time="0.001" classname="HashTableTest_11e_M12_putM12_M12_default"/>
  <testcase name="testContains_Invalid" time="0.001" classname="HashTableTest_11e_M12_putM12_M12_default"/>
  <testcase name="testContains_Valid" time="0.0" classname="HashTableTest_11e_M12_putM12_M12_default"/>
  <testcase name="testGetCapacity" time="0.0" classname="HashTableTest_11e_M12_putM12_M12_default"/>
  <testcase name="testGetFrequency_Invalid" time="0.001" classname="HashTableTest_11e_M12_putM12_M12_default"/>
  <testcase name="testGetFrequency_Valid" time="0.001" classname="HashTableTest_11e_M12_putM12_M12_default"/>
  <testcase name="testGetHash" time="0.0" classname="HashTableTest_11e_M12_putM12_M12_default"/>
  <testcase name="testGetLoadFactor" time="0.001" classname="HashTableTest_11e_M12_putM12_M12_default"/>
  <testcase name="testGetMaxSize" time="0.0" classname="HashTableTest_11e_M12_putM12_M12_default"/>
  <testcase name="testGetNumDuplicates" time="0.0" classname="HashTableTest_11e_M12_putM12_M12_default"/>
  <testcase name="testGetNumProbes" time="0.0" classname="HashTableTest_11e_M12_putM12_M12_default"/>
  <testcase name="testGetType" time="0.0" classname="HashTableTest_11e_M12_putM12_M12_default"/>
  <testcase name="testIsEmpty" time="0.0" classname="HashTableTest_11e_M12_putM12_M12_default"/>
  <testcase name="testPut" time="0.001" classname="HashTableTest_11e_M12_putM12_M12_default"/>
  <testcase name="testRemove_Invalid" time="0.0" classname="HashTableTest_11e_M12_putM12_M12_default"/>
  <testcase name="testRemove_Valid" time="0.001" classname="HashTableTest_11e_M12_putM12_M12_default"/>
  <testcase name="testSize" time="0.001" classname="HashTableTest_11e_M12_putM12_M12_default"/>
  <testcase name="testClear" time="0.0" classname="HashTableTest_12a_A0_putB1_A0B1_default"/>
  <testcase name="testContains_Invalid" time="0.0" classname="HashTableTest_12a_A0_putB1_A0B1_default"/>
  <testcase name="testContains_Valid" time="0.004" classname="HashTableTest_12a_A0_putB1_A0B1_default"/>
  <testcase name="testContains_Valid" time="0.001" classname="HashTableTest_12a_A0_putB1_A0B1_default"/>
  <testcase name="testGetCapacity" time="0.0" classname="HashTableTest_12a_A0_putB1_A0B1_default"/>
  <testcase name="testGetFrequency_Invalid" time="0.0" classname="HashTableTest_12a_A0_putB1_A0B1_default"/>
  <testcase name="testGetFrequency_Valid" time="0.001" classname="HashTableTest_12a_A0_putB1_A0B1_default"/>
  <testcase name="testGetFrequency_Valid" time="0.001" classname="HashTableTest_12a_A0_putB1_A0B1_default"/>
  <testcase name="testGetHash" time="0.0" classname="HashTableTest_12a_A0_putB1_A0B1_default"/>
  <testcase name="testGetHash" time="0.001" classname="HashTableTest_12a_A0_putB1_A0B1_default"/>
  <testcase name="testGetHash" time="0.0" classname="HashTableTest_12a_A0_putB1_A0B1_default"/>
  <testcase name="testGetHash" time="0.0" classname="HashTableTest_12a_A0_putB1_A0B1_default"/>
  <testcase name="testGetHash" time="0.001" classname="HashTableTest_12a_A0_putB1_A0B1_default"/>
  <testcase name="testGetHash" time="0.0" classname="HashTableTest_12a_A0_putB1_A0B1_default"/>
  <testcase name="testGetHash" time="0.002" classname="HashTableTest_12a_A0_putB1_A0B1_default"/>
  <testcase name="testGetHash" time="0.0" classname="HashTableTest_12a_A0_putB1_A0B1_default"/>
  <testcase name="testGetHash" time="0.0" classname="HashTableTest_12a_A0_putB1_A0B1_default"/>
  <testcase name="testGetHash" time="0.0" classname="HashTableTest_12a_A0_putB1_A0B1_default"/>
  <testcase name="testGetHash" time="0.0" classname="HashTableTest_12a_A0_putB1_A0B1_default"/>
  <testcase name="testGetHash" time="0.0" classname="HashTableTest_12a_A0_putB1_A0B1_default"/>
  <testcase name="testGetHash" time="0.001" classname="HashTableTest_12a_A0_putB1_A0B1_default"/>
  <testcase name="testGetHash" time="0.0" classname="HashTableTest_12a_A0_putB1_A0B1_default"/>
  <testcase name="testGetHash" time="0.001" classname="HashTableTest_12a_A0_putB1_A0B1_default"/>
  <testcase name="testGetHash" time="0.01" classname="HashTableTest_12a_A0_putB1_A0B1_default"/>
  <testcase name="testGetHash" time="0.001" classname="HashTableTest_12a_A0_putB1_A0B1_default"/>
  <testcase name="testGetHash" time="0.0" classname="HashTableTest_12a_A0_putB1_A0B1_default"/>
  <testcase name="testGetHash" time="0.001" classname="HashTableTest_12a_A0_putB1_A0B1_default"/>
  <testcase name="testGetHash" time="0.001" classname="HashTableTest_12a_A0_putB1_A0B1_default"/>
  <testcase name="testGetHash" time="0.001" classname="HashTableTest_12a_A0_putB1_A0B1_default"/>
  <testcase name="testGetHash" time="0.002" classname="HashTableTest_12a_A0_putB1_A0B1_default"/>
  <testcase name="testGetHash" time="0.001" classname="HashTableTest_12a_A0_putB1_A0B1_default"/>
  <testcase name="testGetHash" time="0.0" classname="HashTableTest_12a_A0_putB1_A0B1_default"/>
  <testcase name="testGetHash" time="0.0" classname="HashTableTest_12a_A0_putB1_A0B1_default"/>
  <testcase name="testGetHash" time="0.0" classname="HashTableTest_12a_A0_putB1_A0B1_default"/>
  <testcase name="testGetHash" time="0.001" classname="HashTableTest_12a_A0_putB1_A0B1_default"/>
  <testcase name="testGetHash" time="0.001" classname="HashTableTest_12a_A0_putB1_A0B1_default"/>
  <testcase name="testGetLoadFactor" time="0.001" classname="HashTableTest_12a_A0_putB1_A0B1_default"/>
  <testcase name="testGetMaxSize" time="0.001" classname="HashTableTest_12a_A0_putB1_A0B1_default"/>
  <testcase name="testGetNumDuplicates" time="0.002" classname="HashTableTest_12a_A0_putB1_A0B1_default"/>
  <testcase name="testGetNumProbes" time="0.0" classname="HashTableTest_12a_A0_putB1_A0B1_default"/>
  <testcase name="testGetType" time="0.0" classname="HashTableTest_12a_A0_putB1_A0B1_default"/>
  <testcase name="testIsEmpty" time="0.001" classname="HashTableTest_12a_A0_putB1_A0B1_default"/>
  <testcase name="testPut" time="0.001" classname="HashTableTest_12a_A0_putB1_A0B1_default"/>
  <testcase name="testRemove_Invalid" time="0.0" classname="HashTableTest_12a_A0_putB1_A0B1_default"/>
  <testcase name="testRemove_Valid" time="0.001" classname="HashTableTest_12a_A0_putB1_A0B1_default"/>
  <testcase name="testRemove_Valid" time="0.0" classname="HashTableTest_12a_A0_putB1_A0B1_default"/>
  <testcase name="testSize" time="0.0" classname="HashTableTest_12a_A0_putB1_A0B1_default"/>
  <testcase name="testClear" time="0.0" classname="HashTableTest_12b_C2_putD3_C2D3_default"/>
  <testcase name="testContains_Invalid" time="0.001" classname="HashTableTest_12b_C2_putD3_C2D3_default"/>
  <testcase name="testContains_Valid" time="0.001" classname="HashTableTest_12b_C2_putD3_C2D3_default"/>
  <testcase name="testContains_Valid" time="0.0" classname="HashTableTest_12b_C2_putD3_C2D3_default"/>
  <testcase name="testGetCapacity" time="0.0" classname="HashTableTest_12b_C2_putD3_C2D3_default"/>
  <testcase name="testGetFrequency_Invalid" time="0.0" classname="HashTableTest_12b_C2_putD3_C2D3_default"/>
  <testcase name="testGetFrequency_Valid" time="0.001" classname="HashTableTest_12b_C2_putD3_C2D3_default"/>
  <testcase name="testGetFrequency_Valid" time="0.001" classname="HashTableTest_12b_C2_putD3_C2D3_default"/>
  <testcase name="testGetHash" time="0.0" classname="HashTableTest_12b_C2_putD3_C2D3_default"/>
  <testcase name="testGetHash" time="0.0" classname="HashTableTest_12b_C2_putD3_C2D3_default"/>
  <testcase name="testGetHash" time="0.0" classname="HashTableTest_12b_C2_putD3_C2D3_default"/>
  <testcase name="testGetHash" time="0.0" classname="HashTableTest_12b_C2_putD3_C2D3_default"/>
  <testcase name="testGetHash" time="0.0" classname="HashTableTest_12b_C2_putD3_C2D3_default"/>
  <testcase name="testGetHash" time="0.002" classname="HashTableTest_12b_C2_putD3_C2D3_default"/>
  <testcase name="testGetHash" time="0.001" classname="HashTableTest_12b_C2_putD3_C2D3_default"/>
  <testcase name="testGetHash" time="0.001" classname="HashTableTest_12b_C2_putD3_C2D3_default"/>
  <testcase name="testGetHash" time="0.012" classname="HashTableTest_12b_C2_putD3_C2D3_default"/>
  <testcase name="testGetHash" time="0.001" classname="HashTableTest_12b_C2_putD3_C2D3_default"/>
  <testcase name="testGetHash" time="0.002" classname="HashTableTest_12b_C2_putD3_C2D3_default"/>
  <testcase name="testGetHash" time="0.0" classname="HashTableTest_12b_C2_putD3_C2D3_default"/>
  <testcase name="testGetHash" time="0.0" classname="HashTableTest_12b_C2_putD3_C2D3_default"/>
  <testcase name="testGetHash" time="0.001" classname="HashTableTest_12b_C2_putD3_C2D3_default"/>
  <testcase name="testGetHash" time="0.0" classname="HashTableTest_12b_C2_putD3_C2D3_default"/>
  <testcase name="testGetHash" time="0.003" classname="HashTableTest_12b_C2_putD3_C2D3_default"/>
  <testcase name="testGetHash" time="0.001" classname="HashTableTest_12b_C2_putD3_C2D3_default"/>
  <testcase name="testGetHash" time="0.001" classname="HashTableTest_12b_C2_putD3_C2D3_default"/>
  <testcase name="testGetHash" time="0.0" classname="HashTableTest_12b_C2_putD3_C2D3_default"/>
  <testcase name="testGetHash" time="0.001" classname="HashTableTest_12b_C2_putD3_C2D3_default"/>
  <testcase name="testGetHash" time="0.001" classname="HashTableTest_12b_C2_putD3_C2D3_default"/>
  <testcase name="testGetHash" time="0.001" classname="HashTableTest_12b_C2_putD3_C2D3_default"/>
  <testcase name="testGetHash" time="0.0" classname="HashTableTest_12b_C2_putD3_C2D3_default"/>
  <testcase name="testGetHash" time="0.001" classname="HashTableTest_12b_C2_putD3_C2D3_default"/>
  <testcase name="testGetHash" time="0.001" classname="HashTableTest_12b_C2_putD3_C2D3_default"/>
  <testcase name="testGetHash" time="0.0" classname="HashTableTest_12b_C2_putD3_C2D3_default"/>
  <testcase name="testGetHash" time="0.001" classname="HashTableTest_12b_C2_putD3_C2D3_default"/>
  <testcase name="testGetHash" time="0.0" classname="HashTableTest_12b_C2_putD3_C2D3_default"/>
  <testcase name="testGetLoadFactor" time="0.001" classname="HashTableTest_12b_C2_putD3_C2D3_default"/>
  <testcase name="testGetMaxSize" time="0.003" classname="HashTableTest_12b_C2_putD3_C2D3_default"/>
  <testcase name="testGetNumDuplicates" time="0.0" classname="HashTableTest_12b_C2_putD3_C2D3_default"/>
  <testcase name="testGetNumProbes" time="0.001" classname="HashTableTest_12b_C2_putD3_C2D3_default"/>
  <testcase name="testGetType" time="0.001" classname="HashTableTest_12b_C2_putD3_C2D3_default"/>
  <testcase name="testIsEmpty" time="0.001" classname="HashTableTest_12b_C2_putD3_C2D3_default"/>
  <testcase name="testPut" time="0.001" classname="HashTableTest_12b_C2_putD3_C2D3_default"/>
  <testcase name="testRemove_Invalid" time="0.001" classname="HashTableTest_12b_C2_putD3_C2D3_default"/>
  <testcase name="testRemove_Valid" time="0.01" classname="HashTableTest_12b_C2_putD3_C2D3_default"/>
  <testcase name="testRemove_Valid" time="0.0" classname="HashTableTest_12b_C2_putD3_C2D3_default"/>
  <testcase name="testSize" time="0.001" classname="HashTableTest_12b_C2_putD3_C2D3_default"/>
  <testcase name="testClear" time="0.0" classname="HashTableTest_12c_E4_putF5_E4F5_default"/>
  <testcase name="testContains_Invalid" time="0.001" classname="HashTableTest_12c_E4_putF5_E4F5_default"/>
  <testcase name="testContains_Valid" time="0.0" classname="HashTableTest_12c_E4_putF5_E4F5_default"/>
  <testcase name="testContains_Valid" time="0.002" classname="HashTableTest_12c_E4_putF5_E4F5_default"/>
  <testcase name="testGetCapacity" time="0.0" classname="HashTableTest_12c_E4_putF5_E4F5_default"/>
  <testcase name="testGetFrequency_Invalid" time="0.001" classname="HashTableTest_12c_E4_putF5_E4F5_default"/>
  <testcase name="testGetFrequency_Valid" time="0.0" classname="HashTableTest_12c_E4_putF5_E4F5_default"/>
  <testcase name="testGetFrequency_Valid" time="0.0" classname="HashTableTest_12c_E4_putF5_E4F5_default"/>
  <testcase name="testGetHash" time="0.002" classname="HashTableTest_12c_E4_putF5_E4F5_default"/>
  <testcase name="testGetHash" time="0.0" classname="HashTableTest_12c_E4_putF5_E4F5_default"/>
  <testcase name="testGetHash" time="0.002" classname="HashTableTest_12c_E4_putF5_E4F5_default"/>
  <testcase name="testGetHash" time="0.002" classname="HashTableTest_12c_E4_putF5_E4F5_default"/>
  <testcase name="testGetHash" time="0.001" classname="HashTableTest_12c_E4_putF5_E4F5_default"/>
  <testcase name="testGetHash" time="0.001" classname="HashTableTest_12c_E4_putF5_E4F5_default"/>
  <testcase name="testGetHash" time="0.001" classname="HashTableTest_12c_E4_putF5_E4F5_default"/>
  <testcase name="testGetHash" time="0.001" classname="HashTableTest_12c_E4_putF5_E4F5_default"/>
  <testcase name="testGetHash" time="0.0" classname="HashTableTest_12c_E4_putF5_E4F5_default"/>
  <testcase name="testGetHash" time="0.001" classname="HashTableTest_12c_E4_putF5_E4F5_default"/>
  <testcase name="testGetHash" time="0.001" classname="HashTableTest_12c_E4_putF5_E4F5_default"/>
  <testcase name="testGetHash" time="0.001" classname="HashTableTest_12c_E4_putF5_E4F5_default"/>
  <testcase name="testGetHash" time="0.001" classname="HashTableTest_12c_E4_putF5_E4F5_default"/>
  <testcase name="testGetHash" time="0.0" classname="HashTableTest_12c_E4_putF5_E4F5_default"/>
  <testcase name="testGetHash" time="0.0" classname="HashTableTest_12c_E4_putF5_E4F5_default"/>
  <testcase name="testGetHash" time="0.002" classname="HashTableTest_12c_E4_putF5_E4F5_default"/>
  <testcase name="testGetHash" time="0.001" classname="HashTableTest_12c_E4_putF5_E4F5_default"/>
  <testcase name="testGetHash" time="0.0" classname="HashTableTest_12c_E4_putF5_E4F5_default"/>
  <testcase name="testGetHash" time="0.017" classname="HashTableTest_12c_E4_putF5_E4F5_default"/>
  <testcase name="testGetHash" time="0.0" classname="HashTableTest_12c_E4_putF5_E4F5_default"/>
  <testcase name="testGetHash" time="0.0" classname="HashTableTest_12c_E4_putF5_E4F5_default"/>
  <testcase name="testGetHash" time="0.0" classname="HashTableTest_12c_E4_putF5_E4F5_default"/>
  <testcase name="testGetHash" time="0.0" classname="HashTableTest_12c_E4_putF5_E4F5_default"/>
  <testcase name="testGetHash" time="0.0" classname="HashTableTest_12c_E4_putF5_E4F5_default"/>
  <testcase name="testGetHash" time="0.001" classname="HashTableTest_12c_E4_putF5_E4F5_default"/>
  <testcase name="testGetHash" time="0.001" classname="HashTableTest_12c_E4_putF5_E4F5_default"/>
  <testcase name="testGetHash" time="0.0" classname="HashTableTest_12c_E4_putF5_E4F5_default"/>
  <testcase name="testGetHash" time="0.001" classname="HashTableTest_12c_E4_putF5_E4F5_default"/>
  <testcase name="testGetLoadFactor" time="0.0" classname="HashTableTest_12c_E4_putF5_E4F5_default"/>
  <testcase name="testGetMaxSize" time="0.0" classname="HashTableTest_12c_E4_putF5_E4F5_default"/>
  <testcase name="testGetNumDuplicates" time="0.0" classname="HashTableTest_12c_E4_putF5_E4F5_default"/>
  <testcase name="testGetNumProbes" time="0.001" classname="HashTableTest_12c_E4_putF5_E4F5_default"/>
  <testcase name="testGetType" time="0.001" classname="HashTableTest_12c_E4_putF5_E4F5_default"/>
  <testcase name="testIsEmpty" time="0.001" classname="HashTableTest_12c_E4_putF5_E4F5_default"/>
  <testcase name="testPut" time="0.001" classname="HashTableTest_12c_E4_putF5_E4F5_default"/>
  <testcase name="testRemove_Invalid" time="0.001" classname="HashTableTest_12c_E4_putF5_E4F5_default"/>
  <testcase name="testRemove_Valid" time="0.002" classname="HashTableTest_12c_E4_putF5_E4F5_default"/>
  <testcase name="testRemove_Valid" time="0.001" classname="HashTableTest_12c_E4_putF5_E4F5_default"/>
  <testcase name="testSize" time="0.001" classname="HashTableTest_12c_E4_putF5_E4F5_default"/>
  <testcase name="testClear" time="0.0" classname="HashTableTest_12d_G6_putH7_G6H7_default"/>
  <testcase name="testContains_Invalid" time="0.002" classname="HashTableTest_12d_G6_putH7_G6H7_default"/>
  <testcase name="testContains_Valid" time="0.0" classname="HashTableTest_12d_G6_putH7_G6H7_default"/>
  <testcase name="testContains_Valid" time="0.0" classname="HashTableTest_12d_G6_putH7_G6H7_default"/>
  <testcase name="testGetCapacity" time="0.0" classname="HashTableTest_12d_G6_putH7_G6H7_default"/>
  <testcase name="testGetFrequency_Invalid" time="0.0" classname="HashTableTest_12d_G6_putH7_G6H7_default"/>
  <testcase name="testGetFrequency_Valid" time="0.0" classname="HashTableTest_12d_G6_putH7_G6H7_default"/>
  <testcase name="testGetFrequency_Valid" time="0.001" classname="HashTableTest_12d_G6_putH7_G6H7_default"/>
  <testcase name="testGetHash" time="0.002" classname="HashTableTest_12d_G6_putH7_G6H7_default"/>
  <testcase name="testGetHash" time="0.001" classname="HashTableTest_12d_G6_putH7_G6H7_default"/>
  <testcase name="testGetHash" time="0.0" classname="HashTableTest_12d_G6_putH7_G6H7_default"/>
  <testcase name="testGetHash" time="0.0" classname="HashTableTest_12d_G6_putH7_G6H7_default"/>
  <testcase name="testGetHash" time="0.0" classname="HashTableTest_12d_G6_putH7_G6H7_default"/>
  <testcase name="testGetHash" time="0.0" classname="HashTableTest_12d_G6_putH7_G6H7_default"/>
  <testcase name="testGetHash" time="0.0" classname="HashTableTest_12d_G6_putH7_G6H7_default"/>
  <testcase name="testGetHash" time="0.0" classname="HashTableTest_12d_G6_putH7_G6H7_default"/>
  <testcase name="testGetHash" time="0.001" classname="HashTableTest_12d_G6_putH7_G6H7_default"/>
  <testcase name="testGetHash" time="0.001" classname="HashTableTest_12d_G6_putH7_G6H7_default"/>
  <testcase name="testGetHash" time="0.0" classname="HashTableTest_12d_G6_putH7_G6H7_default"/>
  <testcase name="testGetHash" time="0.0" classname="HashTableTest_12d_G6_putH7_G6H7_default"/>
  <testcase name="testGetHash" time="0.001" classname="HashTableTest_12d_G6_putH7_G6H7_default"/>
  <testcase name="testGetHash" time="0.001" classname="HashTableTest_12d_G6_putH7_G6H7_default"/>
  <testcase name="testGetHash" time="0.0" classname="HashTableTest_12d_G6_putH7_G6H7_default"/>
  <testcase name="testGetHash" time="0.001" classname="HashTableTest_12d_G6_putH7_G6H7_default"/>
  <testcase name="testGetHash" time="0.002" classname="HashTableTest_12d_G6_putH7_G6H7_default"/>
  <testcase name="testGetHash" time="0.001" classname="HashTableTest_12d_G6_putH7_G6H7_default"/>
  <testcase name="testGetHash" time="0.0" classname="HashTableTest_12d_G6_putH7_G6H7_default"/>
  <testcase name="testGetHash" time="0.0" classname="HashTableTest_12d_G6_putH7_G6H7_default"/>
  <testcase name="testGetHash" time="0.0" classname="HashTableTest_12d_G6_putH7_G6H7_default"/>
  <testcase name="testGetHash" time="0.002" classname="HashTableTest_12d_G6_putH7_G6H7_default"/>
  <testcase name="testGetHash" time="0.001" classname="HashTableTest_12d_G6_putH7_G6H7_default"/>
  <testcase name="testGetHash" time="0.0" classname="HashTableTest_12d_G6_putH7_G6H7_default"/>
  <testcase name="testGetHash" time="0.0" classname="HashTableTest_12d_G6_putH7_G6H7_default"/>
  <testcase name="testGetHash" time="0.002" classname="HashTableTest_12d_G6_putH7_G6H7_default"/>
  <testcase name="testGetHash" time="0.001" classname="HashTableTest_12d_G6_putH7_G6H7_default"/>
  <testcase name="testGetHash" time="0.001" classname="HashTableTest_12d_G6_putH7_G6H7_default"/>
  <testcase name="testGetLoadFactor" time="0.0" classname="HashTableTest_12d_G6_putH7_G6H7_default"/>
  <testcase name="testGetMaxSize" time="0.0" classname="HashTableTest_12d_G6_putH7_G6H7_default"/>
  <testcase name="testGetNumDuplicates" time="0.0" classname="HashTableTest_12d_G6_putH7_G6H7_default"/>
  <testcase name="testGetNumProbes" time="0.0" classname="HashTableTest_12d_G6_putH7_G6H7_default"/>
  <testcase name="testGetType" time="0.001" classname="HashTableTest_12d_G6_putH7_G6H7_default"/>
  <testcase name="testIsEmpty" time="0.001" classname="HashTableTest_12d_G6_putH7_G6H7_default"/>
  <testcase name="testPut" time="0.004" classname="HashTableTest_12d_G6_putH7_G6H7_default"/>
  <testcase name="testRemove_Invalid" time="0.0" classname="HashTableTest_12d_G6_putH7_G6H7_default"/>
  <testcase name="testRemove_Valid" time="0.0" classname="HashTableTest_12d_G6_putH7_G6H7_default"/>
  <testcase name="testRemove_Valid" time="0.001" classname="HashTableTest_12d_G6_putH7_G6H7_default"/>
  <testcase name="testSize" time="0.001" classname="HashTableTest_12d_G6_putH7_G6H7_default"/>
  <testcase name="testClear" time="0.0" classname="HashTableTest_12e_I8_putJ9_I8J9_default"/>
  <testcase name="testContains_Invalid" time="0.0" classname="HashTableTest_12e_I8_putJ9_I8J9_default"/>
  <testcase name="testContains_Valid" time="0.0" classname="HashTableTest_12e_I8_putJ9_I8J9_default"/>
  <testcase name="testContains_Valid" time="0.0" classname="HashTableTest_12e_I8_putJ9_I8J9_default"/>
  <testcase name="testGetCapacity" time="0.001" classname="HashTableTest_12e_I8_putJ9_I8J9_default"/>
  <testcase name="testGetFrequency_Invalid" time="0.001" classname="HashTableTest_12e_I8_putJ9_I8J9_default"/>
  <testcase name="testGetFrequency_Valid" time="0.0" classname="HashTableTest_12e_I8_putJ9_I8J9_default"/>
  <testcase name="testGetFrequency_Valid" time="0.002" classname="HashTableTest_12e_I8_putJ9_I8J9_default"/>
  <testcase name="testGetHash" time="0.0" classname="HashTableTest_12e_I8_putJ9_I8J9_default"/>
  <testcase name="testGetHash" time="0.0" classname="HashTableTest_12e_I8_putJ9_I8J9_default"/>
  <testcase name="testGetHash" time="0.001" classname="HashTableTest_12e_I8_putJ9_I8J9_default"/>
  <testcase name="testGetHash" time="0.001" classname="HashTableTest_12e_I8_putJ9_I8J9_default"/>
  <testcase name="testGetHash" time="0.001" classname="HashTableTest_12e_I8_putJ9_I8J9_default"/>
  <testcase name="testGetHash" time="0.002" classname="HashTableTest_12e_I8_putJ9_I8J9_default"/>
  <testcase name="testGetHash" time="0.0" classname="HashTableTest_12e_I8_putJ9_I8J9_default"/>
  <testcase name="testGetHash" time="0.001" classname="HashTableTest_12e_I8_putJ9_I8J9_default"/>
  <testcase name="testGetHash" time="0.001" classname="HashTableTest_12e_I8_putJ9_I8J9_default"/>
  <testcase name="testGetHash" time="0.003" classname="HashTableTest_12e_I8_putJ9_I8J9_default"/>
  <testcase name="testGetHash" time="0.015" classname="HashTableTest_12e_I8_putJ9_I8J9_default"/>
  <testcase name="testGetHash" time="0.001" classname="HashTableTest_12e_I8_putJ9_I8J9_default"/>
  <testcase name="testGetHash" time="0.0" classname="HashTableTest_12e_I8_putJ9_I8J9_default"/>
  <testcase name="testGetHash" time="0.0" classname="HashTableTest_12e_I8_putJ9_I8J9_default"/>
  <testcase name="testGetHash" time="0.0" classname="HashTableTest_12e_I8_putJ9_I8J9_default"/>
  <testcase name="testGetHash" time="0.001" classname="HashTableTest_12e_I8_putJ9_I8J9_default"/>
  <testcase name="testGetHash" time="0.0" classname="HashTableTest_12e_I8_putJ9_I8J9_default"/>
  <testcase name="testGetHash" time="0.0" classname="HashTableTest_12e_I8_putJ9_I8J9_default"/>
  <testcase name="testGetHash" time="0.0" classname="HashTableTest_12e_I8_putJ9_I8J9_default"/>
  <testcase name="testGetHash" time="0.001" classname="HashTableTest_12e_I8_putJ9_I8J9_default"/>
  <testcase name="testGetHash" time="0.0" classname="HashTableTest_12e_I8_putJ9_I8J9_default"/>
  <testcase name="testGetHash" time="0.0" classname="HashTableTest_12e_I8_putJ9_I8J9_default"/>
  <testcase name="testGetHash" time="0.0" classname="HashTableTest_12e_I8_putJ9_I8J9_default"/>
  <testcase name="testGetHash" time="0.002" classname="HashTableTest_12e_I8_putJ9_I8J9_default"/>
  <testcase name="testGetHash" time="0.0" classname="HashTableTest_12e_I8_putJ9_I8J9_default"/>
  <testcase name="testGetHash" time="0.0" classname="HashTableTest_12e_I8_putJ9_I8J9_default"/>
  <testcase name="testGetHash" time="0.0" classname="HashTableTest_12e_I8_putJ9_I8J9_default"/>
  <testcase name="testGetHash" time="0.001" classname="HashTableTest_12e_I8_putJ9_I8J9_default"/>
  <testcase name="testGetLoadFactor" time="0.001" classname="HashTableTest_12e_I8_putJ9_I8J9_default"/>
  <testcase name="testGetMaxSize" time="0.004" classname="HashTableTest_12e_I8_putJ9_I8J9_default"/>
  <testcase name="testGetNumDuplicates" time="0.001" classname="HashTableTest_12e_I8_putJ9_I8J9_default"/>
  <testcase name="testGetNumProbes" time="0.0" classname="HashTableTest_12e_I8_putJ9_I8J9_default"/>
  <testcase name="testGetType" time="0.001" classname="HashTableTest_12e_I8_putJ9_I8J9_default"/>
  <testcase name="testIsEmpty" time="0.001" classname="HashTableTest_12e_I8_putJ9_I8J9_default"/>
  <testcase name="testPut" time="0.0" classname="HashTableTest_12e_I8_putJ9_I8J9_default"/>
  <testcase name="testRemove_Invalid" time="0.0" classname="HashTableTest_12e_I8_putJ9_I8J9_default"/>
  <testcase name="testRemove_Valid" time="0.0" classname="HashTableTest_12e_I8_putJ9_I8J9_default"/>
  <testcase name="testRemove_Valid" time="0.001" classname="HashTableTest_12e_I8_putJ9_I8J9_default"/>
  <testcase name="testSize" time="0.001" classname="HashTableTest_12e_I8_putJ9_I8J9_default"/>
  <testcase name="testClear" time="0.001" classname="HashTableTest_12f_K10_putL11_K10L11_default"/>
  <testcase name="testContains_Invalid" time="0.0" classname="HashTableTest_12f_K10_putL11_K10L11_default"/>
  <testcase name="testContains_Valid" time="0.001" classname="HashTableTest_12f_K10_putL11_K10L11_default"/>
  <testcase name="testContains_Valid" time="0.001" classname="HashTableTest_12f_K10_putL11_K10L11_default"/>
  <testcase name="testGetCapacity" time="0.0" classname="HashTableTest_12f_K10_putL11_K10L11_default"/>
  <testcase name="testGetFrequency_Invalid" time="0.0" classname="HashTableTest_12f_K10_putL11_K10L11_default"/>
  <testcase name="testGetFrequency_Valid" time="0.001" classname="HashTableTest_12f_K10_putL11_K10L11_default"/>
  <testcase name="testGetFrequency_Valid" time="0.0" classname="HashTableTest_12f_K10_putL11_K10L11_default"/>
  <testcase name="testGetHash" time="0.002" classname="HashTableTest_12f_K10_putL11_K10L11_default"/>
  <testcase name="testGetHash" time="0.003" classname="HashTableTest_12f_K10_putL11_K10L11_default"/>
  <testcase name="testGetHash" time="0.001" classname="HashTableTest_12f_K10_putL11_K10L11_default"/>
  <testcase name="testGetHash" time="0.0" classname="HashTableTest_12f_K10_putL11_K10L11_default"/>
  <testcase name="testGetHash" time="0.001" classname="HashTableTest_12f_K10_putL11_K10L11_default"/>
  <testcase name="testGetHash" time="0.001" classname="HashTableTest_12f_K10_putL11_K10L11_default"/>
  <testcase name="testGetHash" time="0.002" classname="HashTableTest_12f_K10_putL11_K10L11_default"/>
  <testcase name="testGetHash" time="0.001" classname="HashTableTest_12f_K10_putL11_K10L11_default"/>
  <testcase name="testGetHash" time="0.001" classname="HashTableTest_12f_K10_putL11_K10L11_default"/>
  <testcase name="testGetHash" time="0.001" classname="HashTableTest_12f_K10_putL11_K10L11_default"/>
  <testcase name="testGetHash" time="0.001" classname="HashTableTest_12f_K10_putL11_K10L11_default"/>
  <testcase name="testGetHash" time="0.009" classname="HashTableTest_12f_K10_putL11_K10L11_default"/>
  <testcase name="testGetHash" time="0.002" classname="HashTableTest_12f_K10_putL11_K10L11_default"/>
  <testcase name="testGetHash" time="0.002" classname="HashTableTest_12f_K10_putL11_K10L11_default"/>
  <testcase name="testGetHash" time="0.001" classname="HashTableTest_12f_K10_putL11_K10L11_default"/>
  <testcase name="testGetHash" time="0.002" classname="HashTableTest_12f_K10_putL11_K10L11_default"/>
  <testcase name="testGetHash" time="0.001" classname="HashTableTest_12f_K10_putL11_K10L11_default"/>
  <testcase name="testGetHash" time="0.001" classname="HashTableTest_12f_K10_putL11_K10L11_default"/>
  <testcase name="testGetHash" time="0.0" classname="HashTableTest_12f_K10_putL11_K10L11_default"/>
  <testcase name="testGetHash" time="0.0" classname="HashTableTest_12f_K10_putL11_K10L11_default"/>
  <testcase name="testGetHash" time="0.0" classname="HashTableTest_12f_K10_putL11_K10L11_default"/>
  <testcase name="testGetHash" time="0.0" classname="HashTableTest_12f_K10_putL11_K10L11_default"/>
  <testcase name="testGetHash" time="0.001" classname="HashTableTest_12f_K10_putL11_K10L11_default"/>
  <testcase name="testGetHash" time="0.0" classname="HashTableTest_12f_K10_putL11_K10L11_default"/>
  <testcase name="testGetHash" time="0.0" classname="HashTableTest_12f_K10_putL11_K10L11_default"/>
  <testcase name="testGetHash" time="0.001" classname="HashTableTest_12f_K10_putL11_K10L11_default"/>
  <testcase name="testGetHash" time="0.0" classname="HashTableTest_12f_K10_putL11_K10L11_default"/>
  <testcase name="testGetHash" time="0.0" classname="HashTableTest_12f_K10_putL11_K10L11_default"/>
  <testcase name="testGetLoadFactor" time="0.0" classname="HashTableTest_12f_K10_putL11_K10L11_default"/>
  <testcase name="testGetMaxSize" time="0.001" classname="HashTableTest_12f_K10_putL11_K10L11_default"/>
  <testcase name="testGetNumDuplicates" time="0.0" classname="HashTableTest_12f_K10_putL11_K10L11_default"/>
  <testcase name="testGetNumProbes" time="0.0" classname="HashTableTest_12f_K10_putL11_K10L11_default"/>
  <testcase name="testGetType" time="0.0" classname="HashTableTest_12f_K10_putL11_K10L11_default"/>
  <testcase name="testIsEmpty" time="0.0" classname="HashTableTest_12f_K10_putL11_K10L11_default"/>
  <testcase name="testPut" time="0.0" classname="HashTableTest_12f_K10_putL11_K10L11_default"/>
  <testcase name="testRemove_Invalid" time="0.001" classname="HashTableTest_12f_K10_putL11_K10L11_default"/>
  <testcase name="testRemove_Valid" time="0.0" classname="HashTableTest_12f_K10_putL11_K10L11_default"/>
  <testcase name="testRemove_Valid" time="0.0" classname="HashTableTest_12f_K10_putL11_K10L11_default"/>
  <testcase name="testSize" time="0.0" classname="HashTableTest_12f_K10_putL11_K10L11_default"/>
  <testcase name="testClear" time="0.0" classname="HashTableTest_12g_L11_putM12_L11M12_default"/>
  <testcase name="testContains_Invalid" time="0.0" classname="HashTableTest_12g_L11_putM12_L11M12_default"/>
  <testcase name="testContains_Valid" time="0.001" classname="HashTableTest_12g_L11_putM12_L11M12_default"/>
  <testcase name="testContains_Valid" time="0.0" classname="HashTableTest_12g_L11_putM12_L11M12_default"/>
  <testcase name="testGetCapacity" time="0.0" classname="HashTableTest_12g_L11_putM12_L11M12_default"/>
  <testcase name="testGetFrequency_Invalid" time="0.0" classname="HashTableTest_12g_L11_putM12_L11M12_default"/>
  <testcase name="testGetFrequency_Valid" time="0.0" classname="HashTableTest_12g_L11_putM12_L11M12_default"/>
  <testcase name="testGetFrequency_Valid" time="0.0" classname="HashTableTest_12g_L11_putM12_L11M12_default"/>
  <testcase name="testGetHash" time="0.0" classname="HashTableTest_12g_L11_putM12_L11M12_default"/>
  <testcase name="testGetHash" time="0.0" classname="HashTableTest_12g_L11_putM12_L11M12_default"/>
  <testcase name="testGetHash" time="0.001" classname="HashTableTest_12g_L11_putM12_L11M12_default"/>
  <testcase name="testGetHash" time="0.0" classname="HashTableTest_12g_L11_putM12_L11M12_default"/>
  <testcase name="testGetHash" time="0.0" classname="HashTableTest_12g_L11_putM12_L11M12_default"/>
  <testcase name="testGetHash" time="0.0" classname="HashTableTest_12g_L11_putM12_L11M12_default"/>
  <testcase name="testGetHash" time="0.001" classname="HashTableTest_12g_L11_putM12_L11M12_default"/>
  <testcase name="testGetHash" time="0.0" classname="HashTableTest_12g_L11_putM12_L11M12_default"/>
  <testcase name="testGetHash" time="0.0" classname="HashTableTest_12g_L11_putM12_L11M12_default"/>
  <testcase name="testGetHash" time="0.0" classname="HashTableTest_12g_L11_putM12_L11M12_default"/>
  <testcase name="testGetHash" time="0.001" classname="HashTableTest_12g_L11_putM12_L11M12_default"/>
  <testcase name="testGetHash" time="0.0" classname="HashTableTest_12g_L11_putM12_L11M12_default"/>
  <testcase name="testGetHash" time="0.001" classname="HashTableTest_12g_L11_putM12_L11M12_default"/>
  <testcase name="testGetHash" time="0.002" classname="HashTableTest_12g_L11_putM12_L11M12_default"/>
  <testcase name="testGetHash" time="0.001" classname="HashTableTest_12g_L11_putM12_L11M12_default"/>
  <testcase name="testGetHash" time="0.001" classname="HashTableTest_12g_L11_putM12_L11M12_default"/>
  <testcase name="testGetHash" time="0.0" classname="HashTableTest_12g_L11_putM12_L11M12_default"/>
  <testcase name="testGetHash" time="0.0" classname="HashTableTest_12g_L11_putM12_L11M12_default"/>
  <testcase name="testGetHash" time="0.0" classname="HashTableTest_12g_L11_putM12_L11M12_default"/>
  <testcase name="testGetHash" time="0.003" classname="HashTableTest_12g_L11_putM12_L11M12_default"/>
  <testcase name="testGetHash" time="0.0" classname="HashTableTest_12g_L11_putM12_L11M12_default"/>
  <testcase name="testGetHash" time="0.001" classname="HashTableTest_12g_L11_putM12_L11M12_default"/>
  <testcase name="testGetHash" time="0.001" classname="HashTableTest_12g_L11_putM12_L11M12_default"/>
  <testcase name="testGetHash" time="0.001" classname="HashTableTest_12g_L11_putM12_L11M12_default"/>
  <testcase name="testGetHash" time="0.0" classname="HashTableTest_12g_L11_putM12_L11M12_default"/>
  <testcase name="testGetHash" time="0.002" classname="HashTableTest_12g_L11_putM12_L11M12_default"/>
  <testcase name="testGetHash" time="0.0" classname="HashTableTest_12g_L11_putM12_L11M12_default"/>
  <testcase name="testGetHash" time="0.0" classname="HashTableTest_12g_L11_putM12_L11M12_default"/>
  <testcase name="testGetLoadFactor" time="0.001" classname="HashTableTest_12g_L11_putM12_L11M12_default"/>
  <testcase name="testGetMaxSize" time="0.0" classname="HashTableTest_12g_L11_putM12_L11M12_default"/>
  <testcase name="testGetNumDuplicates" time="0.001" classname="HashTableTest_12g_L11_putM12_L11M12_default"/>
  <testcase name="testGetNumProbes" time="0.002" classname="HashTableTest_12g_L11_putM12_L11M12_default"/>
  <testcase name="testGetType" time="0.001" classname="HashTableTest_12g_L11_putM12_L11M12_default"/>
  <testcase name="testIsEmpty" time="0.0" classname="HashTableTest_12g_L11_putM12_L11M12_default"/>
  <testcase name="testPut" time="0.001" classname="HashTableTest_12g_L11_putM12_L11M12_default"/>
  <testcase name="testRemove_Invalid" time="0.001" classname="HashTableTest_12g_L11_putM12_L11M12_default"/>
  <testcase name="testRemove_Valid" time="0.0" classname="HashTableTest_12g_L11_putM12_L11M12_default"/>
  <testcase name="testRemove_Valid" time="0.0" classname="HashTableTest_12g_L11_putM12_L11M12_default"/>
  <testcase name="testSize" time="0.003" classname="HashTableTest_12g_L11_putM12_L11M12_default"/>
  <testcase name="testClear" time="0.001" classname="HashTableTest_12h_A0_putG13_A0G13_default"/>
  <testcase name="testContains_Invalid" time="0.001" classname="HashTableTest_12h_A0_putG13_A0G13_default"/>
  <testcase name="testContains_Valid" time="0.005" classname="HashTableTest_12h_A0_putG13_A0G13_default"/>
  <testcase name="testContains_Valid" time="0.001" classname="HashTableTest_12h_A0_putG13_A0G13_default"/>
  <testcase name="testGetCapacity" time="0.001" classname="HashTableTest_12h_A0_putG13_A0G13_default"/>
  <testcase name="testGetFrequency_Invalid" time="0.001" classname="HashTableTest_12h_A0_putG13_A0G13_default"/>
  <testcase name="testGetFrequency_Valid" time="0.0" classname="HashTableTest_12h_A0_putG13_A0G13_default"/>
  <testcase name="testGetFrequency_Valid" time="0.001" classname="HashTableTest_12h_A0_putG13_A0G13_default"/>
  <testcase name="testGetHash" time="0.002" classname="HashTableTest_12h_A0_putG13_A0G13_default"/>
  <testcase name="testGetHash" time="0.001" classname="HashTableTest_12h_A0_putG13_A0G13_default"/>
  <testcase name="testGetHash" time="0.011" classname="HashTableTest_12h_A0_putG13_A0G13_default"/>
  <testcase name="testGetHash" time="0.001" classname="HashTableTest_12h_A0_putG13_A0G13_default"/>
  <testcase name="testGetHash" time="0.001" classname="HashTableTest_12h_A0_putG13_A0G13_default"/>
  <testcase name="testGetHash" time="0.0" classname="HashTableTest_12h_A0_putG13_A0G13_default"/>
  <testcase name="testGetHash" time="0.002" classname="HashTableTest_12h_A0_putG13_A0G13_default"/>
  <testcase name="testGetHash" time="0.0" classname="HashTableTest_12h_A0_putG13_A0G13_default"/>
  <testcase name="testGetHash" time="0.0" classname="HashTableTest_12h_A0_putG13_A0G13_default"/>
  <testcase name="testGetHash" time="0.001" classname="HashTableTest_12h_A0_putG13_A0G13_default"/>
  <testcase name="testGetHash" time="0.003" classname="HashTableTest_12h_A0_putG13_A0G13_default"/>
  <testcase name="testGetHash" time="0.0" classname="HashTableTest_12h_A0_putG13_A0G13_default"/>
  <testcase name="testGetHash" time="0.0" classname="HashTableTest_12h_A0_putG13_A0G13_default"/>
  <testcase name="testGetHash" time="0.0" classname="HashTableTest_12h_A0_putG13_A0G13_default"/>
  <testcase name="testGetHash" time="0.0" classname="HashTableTest_12h_A0_putG13_A0G13_default"/>
  <testcase name="testGetHash" time="0.002" classname="HashTableTest_12h_A0_putG13_A0G13_default"/>
  <testcase name="testGetHash" time="0.0" classname="HashTableTest_12h_A0_putG13_A0G13_default"/>
  <testcase name="testGetHash" time="0.0" classname="HashTableTest_12h_A0_putG13_A0G13_default"/>
  <testcase name="testGetHash" time="0.004" classname="HashTableTest_12h_A0_putG13_A0G13_default"/>
  <testcase name="testGetHash" time="0.0" classname="HashTableTest_12h_A0_putG13_A0G13_default"/>
  <testcase name="testGetHash" time="0.0" classname="HashTableTest_12h_A0_putG13_A0G13_default"/>
  <testcase name="testGetHash" time="0.0" classname="HashTableTest_12h_A0_putG13_A0G13_default"/>
  <testcase name="testGetHash" time="0.0" classname="HashTableTest_12h_A0_putG13_A0G13_default"/>
  <testcase name="testGetHash" time="0.002" classname="HashTableTest_12h_A0_putG13_A0G13_default"/>
  <testcase name="testGetHash" time="0.0" classname="HashTableTest_12h_A0_putG13_A0G13_default"/>
  <testcase name="testGetHash" time="0.003" classname="HashTableTest_12h_A0_putG13_A0G13_default"/>
  <testcase name="testGetHash" time="0.01" classname="HashTableTest_12h_A0_putG13_A0G13_default"/>
  <testcase name="testGetHash" time="0.001" classname="HashTableTest_12h_A0_putG13_A0G13_default"/>
  <testcase name="testGetLoadFactor" time="0.0" classname="HashTableTest_12h_A0_putG13_A0G13_default"/>
  <testcase name="testGetMaxSize" time="0.0" classname="HashTableTest_12h_A0_putG13_A0G13_default"/>
  <testcase name="testGetNumDuplicates" time="0.002" classname="HashTableTest_12h_A0_putG13_A0G13_default"/>
  <testcase name="testGetNumProbes" time="0.0" classname="HashTableTest_12h_A0_putG13_A0G13_default"/>
  <testcase name="testGetType" time="0.0" classname="HashTableTest_12h_A0_putG13_A0G13_default"/>
  <testcase name="testIsEmpty" time="0.0" classname="HashTableTest_12h_A0_putG13_A0G13_default"/>
  <testcase name="testPut" time="0.0" classname="HashTableTest_12h_A0_putG13_A0G13_default"/>
  <testcase name="testRemove_Invalid" time="0.001" classname="HashTableTest_12h_A0_putG13_A0G13_default"/>
  <testcase name="testRemove_Valid" time="0.003" classname="HashTableTest_12h_A0_putG13_A0G13_default"/>
  <testcase name="testRemove_Valid" time="0.0" classname="HashTableTest_12h_A0_putG13_A0G13_default"/>
  <testcase name="testSize" time="0.001" classname="HashTableTest_12h_A0_putG13_A0G13_default"/>
  <testcase name="testClear" time="0.001" classname="HashTableTest_12i_B1_putH14_B1H14_default"/>
  <testcase name="testContains_Invalid" time="0.0" classname="HashTableTest_12i_B1_putH14_B1H14_default"/>
  <testcase name="testContains_Valid" time="0.002" classname="HashTableTest_12i_B1_putH14_B1H14_default"/>
  <testcase name="testContains_Valid" time="0.003" classname="HashTableTest_12i_B1_putH14_B1H14_default"/>
  <testcase name="testGetCapacity" time="0.0" classname="HashTableTest_12i_B1_putH14_B1H14_default"/>
  <testcase name="testGetFrequency_Invalid" time="0.002" classname="HashTableTest_12i_B1_putH14_B1H14_default"/>
  <testcase name="testGetFrequency_Valid" time="0.0" classname="HashTableTest_12i_B1_putH14_B1H14_default"/>
  <testcase name="testGetFrequency_Valid" time="0.0" classname="HashTableTest_12i_B1_putH14_B1H14_default"/>
  <testcase name="testGetHash" time="0.0" classname="HashTableTest_12i_B1_putH14_B1H14_default"/>
  <testcase name="testGetHash" time="0.0" classname="HashTableTest_12i_B1_putH14_B1H14_default"/>
  <testcase name="testGetHash" time="0.003" classname="HashTableTest_12i_B1_putH14_B1H14_default"/>
  <testcase name="testGetHash" time="0.001" classname="HashTableTest_12i_B1_putH14_B1H14_default"/>
  <testcase name="testGetHash" time="0.0" classname="HashTableTest_12i_B1_putH14_B1H14_default"/>
  <testcase name="testGetHash" time="0.0" classname="HashTableTest_12i_B1_putH14_B1H14_default"/>
  <testcase name="testGetHash" time="0.0" classname="HashTableTest_12i_B1_putH14_B1H14_default"/>
  <testcase name="testGetHash" time="0.001" classname="HashTableTest_12i_B1_putH14_B1H14_default"/>
  <testcase name="testGetHash" time="0.001" classname="HashTableTest_12i_B1_putH14_B1H14_default"/>
  <testcase name="testGetHash" time="0.0" classname="HashTableTest_12i_B1_putH14_B1H14_default"/>
  <testcase name="testGetHash" time="0.002" classname="HashTableTest_12i_B1_putH14_B1H14_default"/>
  <testcase name="testGetHash" time="0.001" classname="HashTableTest_12i_B1_putH14_B1H14_default"/>
  <testcase name="testGetHash" time="0.001" classname="HashTableTest_12i_B1_putH14_B1H14_default"/>
  <testcase name="testGetHash" time="0.0" classname="HashTableTest_12i_B1_putH14_B1H14_default"/>
  <testcase name="testGetHash" time="0.0" classname="HashTableTest_12i_B1_putH14_B1H14_default"/>
  <testcase name="testGetHash" time="0.004" classname="HashTableTest_12i_B1_putH14_B1H14_default"/>
  <testcase name="testGetHash" time="0.002" classname="HashTableTest_12i_B1_putH14_B1H14_default"/>
  <testcase name="testGetHash" time="0.001" classname="HashTableTest_12i_B1_putH14_B1H14_default"/>
  <testcase name="testGetHash" time="0.001" classname="HashTableTest_12i_B1_putH14_B1H14_default"/>
  <testcase name="testGetHash" time="0.0" classname="HashTableTest_12i_B1_putH14_B1H14_default"/>
  <testcase name="testGetHash" time="0.001" classname="HashTableTest_12i_B1_putH14_B1H14_default"/>
  <testcase name="testGetHash" time="0.0" classname="HashTableTest_12i_B1_putH14_B1H14_default"/>
  <testcase name="testGetHash" time="0.001" classname="HashTableTest_12i_B1_putH14_B1H14_default"/>
  <testcase name="testGetHash" time="0.001" classname="HashTableTest_12i_B1_putH14_B1H14_default"/>
  <testcase name="testGetHash" time="0.0" classname="HashTableTest_12i_B1_putH14_B1H14_default"/>
  <testcase name="testGetHash" time="0.0" classname="HashTableTest_12i_B1_putH14_B1H14_default"/>
  <testcase name="testGetHash" time="0.001" classname="HashTableTest_12i_B1_putH14_B1H14_default"/>
  <testcase name="testGetHash" time="0.003" classname="HashTableTest_12i_B1_putH14_B1H14_default"/>
  <testcase name="testGetLoadFactor" time="0.0" classname="HashTableTest_12i_B1_putH14_B1H14_default"/>
  <testcase name="testGetMaxSize" time="0.002" classname="HashTableTest_12i_B1_putH14_B1H14_default"/>
  <testcase name="testGetNumDuplicates" time="0.0" classname="HashTableTest_12i_B1_putH14_B1H14_default"/>
  <testcase name="testGetNumProbes" time="0.001" classname="HashTableTest_12i_B1_putH14_B1H14_default"/>
  <testcase name="testGetType" time="0.0" classname="HashTableTest_12i_B1_putH14_B1H14_default"/>
  <testcase name="testIsEmpty" time="0.002" classname="HashTableTest_12i_B1_putH14_B1H14_default"/>
  <testcase name="testPut" time="0.0" classname="HashTableTest_12i_B1_putH14_B1H14_default"/>
  <testcase name="testRemove_Invalid" time="0.0" classname="HashTableTest_12i_B1_putH14_B1H14_default"/>
  <testcase name="testRemove_Valid" time="0.001" classname="HashTableTest_12i_B1_putH14_B1H14_default"/>
  <testcase name="testRemove_Valid" time="0.0" classname="HashTableTest_12i_B1_putH14_B1H14_default"/>
  <testcase name="testSize" time="0.0" classname="HashTableTest_12i_B1_putH14_B1H14_default"/>
  <testcase name="testClear" time="0.0" classname="HashTableTest_12j_C2_putI15_C2I15_default"/>
  <testcase name="testContains_Invalid" time="0.0" classname="HashTableTest_12j_C2_putI15_C2I15_default"/>
  <testcase name="testContains_Valid" time="0.0" classname="HashTableTest_12j_C2_putI15_C2I15_default"/>
  <testcase name="testContains_Valid" time="0.0" classname="HashTableTest_12j_C2_putI15_C2I15_default"/>
  <testcase name="testGetCapacity" time="0.0" classname="HashTableTest_12j_C2_putI15_C2I15_default"/>
  <testcase name="testGetFrequency_Invalid" time="0.0" classname="HashTableTest_12j_C2_putI15_C2I15_default"/>
  <testcase name="testGetFrequency_Valid" time="0.0" classname="HashTableTest_12j_C2_putI15_C2I15_default"/>
  <testcase name="testGetFrequency_Valid" time="0.0" classname="HashTableTest_12j_C2_putI15_C2I15_default"/>
  <testcase name="testGetHash" time="0.0" classname="HashTableTest_12j_C2_putI15_C2I15_default"/>
  <testcase name="testGetHash" time="0.0" classname="HashTableTest_12j_C2_putI15_C2I15_default"/>
  <testcase name="testGetHash" time="0.001" classname="HashTableTest_12j_C2_putI15_C2I15_default"/>
  <testcase name="testGetHash" time="0.0" classname="HashTableTest_12j_C2_putI15_C2I15_default"/>
  <testcase name="testGetHash" time="0.0" classname="HashTableTest_12j_C2_putI15_C2I15_default"/>
  <testcase name="testGetHash" time="0.0" classname="HashTableTest_12j_C2_putI15_C2I15_default"/>
  <testcase name="testGetHash" time="0.001" classname="HashTableTest_12j_C2_putI15_C2I15_default"/>
  <testcase name="testGetHash" time="0.0" classname="HashTableTest_12j_C2_putI15_C2I15_default"/>
  <testcase name="testGetHash" time="0.0" classname="HashTableTest_12j_C2_putI15_C2I15_default"/>
  <testcase name="testGetHash" time="0.0" classname="HashTableTest_12j_C2_putI15_C2I15_default"/>
  <testcase name="testGetHash" time="0.0" classname="HashTableTest_12j_C2_putI15_C2I15_default"/>
  <testcase name="testGetHash" time="0.0" classname="HashTableTest_12j_C2_putI15_C2I15_default"/>
  <testcase name="testGetHash" time="0.0" classname="HashTableTest_12j_C2_putI15_C2I15_default"/>
  <testcase name="testGetHash" time="0.0" classname="HashTableTest_12j_C2_putI15_C2I15_default"/>
  <testcase name="testGetHash" time="0.001" classname="HashTableTest_12j_C2_putI15_C2I15_default"/>
  <testcase name="testGetHash" time="0.001" classname="HashTableTest_12j_C2_putI15_C2I15_default"/>
  <testcase name="testGetHash" time="0.001" classname="HashTableTest_12j_C2_putI15_C2I15_default"/>
  <testcase name="testGetHash" time="0.0" classname="HashTableTest_12j_C2_putI15_C2I15_default"/>
  <testcase name="testGetHash" time="0.0" classname="HashTableTest_12j_C2_putI15_C2I15_default"/>
  <testcase name="testGetHash" time="0.0" classname="HashTableTest_12j_C2_putI15_C2I15_default"/>
  <testcase name="testGetHash" time="0.0" classname="HashTableTest_12j_C2_putI15_C2I15_default"/>
  <testcase name="testGetHash" time="0.0" classname="HashTableTest_12j_C2_putI15_C2I15_default"/>
  <testcase name="testGetHash" time="0.0" classname="HashTableTest_12j_C2_putI15_C2I15_default"/>
  <testcase name="testGetHash" time="0.0" classname="HashTableTest_12j_C2_putI15_C2I15_default"/>
  <testcase name="testGetHash" time="0.0" classname="HashTableTest_12j_C2_putI15_C2I15_default"/>
  <testcase name="testGetHash" time="0.0" classname="HashTableTest_12j_C2_putI15_C2I15_default"/>
  <testcase name="testGetHash" time="0.0" classname="HashTableTest_12j_C2_putI15_C2I15_default"/>
  <testcase name="testGetHash" time="0.0" classname="HashTableTest_12j_C2_putI15_C2I15_default"/>
  <testcase name="testGetLoadFactor" time="0.001" classname="HashTableTest_12j_C2_putI15_C2I15_default"/>
  <testcase name="testGetMaxSize" time="0.0" classname="HashTableTest_12j_C2_putI15_C2I15_default"/>
  <testcase name="testGetNumDuplicates" time="0.0" classname="HashTableTest_12j_C2_putI15_C2I15_default"/>
  <testcase name="testGetNumProbes" time="0.0" classname="HashTableTest_12j_C2_putI15_C2I15_default"/>
  <testcase name="testGetType" time="0.0" classname="HashTableTest_12j_C2_putI15_C2I15_default"/>
  <testcase name="testIsEmpty" time="0.0" classname="HashTableTest_12j_C2_putI15_C2I15_default"/>
  <testcase name="testPut" time="0.0" classname="HashTableTest_12j_C2_putI15_C2I15_default"/>
  <testcase name="testRemove_Invalid" time="0.0" classname="HashTableTest_12j_C2_putI15_C2I15_default"/>
  <testcase name="testRemove_Valid" time="0.0" classname="HashTableTest_12j_C2_putI15_C2I15_default"/>
  <testcase name="testRemove_Valid" time="0.0" classname="HashTableTest_12j_C2_putI15_C2I15_default"/>
  <testcase name="testSize" time="0.0" classname="HashTableTest_12j_C2_putI15_C2I15_default"/>
  <testcase name="testClear" time="0.0" classname="HashTableTest_12k_D3_putJ16_D3J16_default"/>
  <testcase name="testContains_Invalid" time="0.001" classname="HashTableTest_12k_D3_putJ16_D3J16_default"/>
  <testcase name="testContains_Valid" time="0.0" classname="HashTableTest_12k_D3_putJ16_D3J16_default"/>
  <testcase name="testContains_Valid" time="0.001" classname="HashTableTest_12k_D3_putJ16_D3J16_default"/>
  <testcase name="testGetCapacity" time="0.0" classname="HashTableTest_12k_D3_putJ16_D3J16_default"/>
  <testcase name="testGetFrequency_Invalid" time="0.0" classname="HashTableTest_12k_D3_putJ16_D3J16_default"/>
[...]
  <testcase name="testIsEmpty" time="0.0" classname="HashTableTest_12q_J9_putB22_J9B22_default"/>
  <testcase name="testPut" time="0.0" classname="HashTableTest_12q_J9_putB22_J9B22_default"/>
  <testcase name="testRemove_Invalid" time="0.006" classname="HashTableTest_12q_J9_putB22_J9B22_default"/>
  <testcase name="testRemove_Valid" time="0.001" classname="HashTableTest_12q_J9_putB22_J9B22_default"/>
  <testcase name="testRemove_Valid" time="0.001" classname="HashTableTest_12q_J9_putB22_J9B22_default"/>
  <testcase name="testSize" time="0.0" classname="HashTableTest_12q_J9_putB22_J9B22_default"/>
  <testcase name="testClear" time="0.001" classname="HashTableTest_12r_K10_putD10_K10D10_default"/>
  <testcase name="testContains_Invalid" time="0.0" classname="HashTableTest_12r_K10_putD10_K10D10_default"/>
  <testcase name="testContains_Valid" time="0.0" classname="HashTableTest_12r_K10_putD10_K10D10_default"/>
  <testcase name="testContains_Valid" time="0.0" classname="HashTableTest_12r_K10_putD10_K10D10_default"/>
  <testcase name="testGetCapacity" time="0.0" classname="HashTableTest_12r_K10_putD10_K10D10_default"/>
  <testcase name="testGetFrequency_Invalid" time="0.0" classname="HashTableTest_12r_K10_putD10_K10D10_default"/>
  <testcase name="testGetFrequency_Valid" time="0.0" classname="HashTableTest_12r_K10_putD10_K10D10_default"/>
  <testcase name="testGetFrequency_Valid" time="0.001" classname="HashTableTest_12r_K10_putD10_K10D10_default"/>
  <testcase name="testGetHash" time="0.001" classname="HashTableTest_12r_K10_putD10_K10D10_default"/>
  <testcase name="testGetHash" time="0.002" classname="HashTableTest_12r_K10_putD10_K10D10_default"/>
  <testcase name="testGetHash" time="0.0" classname="HashTableTest_12r_K10_putD10_K10D10_default"/>
  <testcase name="testGetHash" time="0.0" classname="HashTableTest_12r_K10_putD10_K10D10_default"/>
  <testcase name="testGetHash" time="0.0" classname="HashTableTest_12r_K10_putD10_K10D10_default"/>
  <testcase name="testGetHash" time="0.001" classname="HashTableTest_12r_K10_putD10_K10D10_default"/>
  <testcase name="testGetHash" time="0.008" classname="HashTableTest_12r_K10_putD10_K10D10_default"/>
  <testcase name="testGetHash" time="0.0" classname="HashTableTest_12r_K10_putD10_K10D10_default"/>
  <testcase name="testGetHash" time="0.0" classname="HashTableTest_12r_K10_putD10_K10D10_default"/>
  <testcase name="testGetHash" time="0.001" classname="HashTableTest_12r_K10_putD10_K10D10_default"/>
  <testcase name="testGetHash" time="0.0" classname="HashTableTest_12r_K10_putD10_K10D10_default"/>
  <testcase name="testGetHash" time="0.001" classname="HashTableTest_12r_K10_putD10_K10D10_default"/>
  <testcase name="testGetHash" time="0.0" classname="HashTableTest_12r_K10_putD10_K10D10_default"/>
  <testcase name="testGetHash" time="0.0" classname="HashTableTest_12r_K10_putD10_K10D10_default"/>
  <testcase name="testGetHash" time="0.001" classname="HashTableTest_12r_K10_putD10_K10D10_default"/>
  <testcase name="testGetHash" time="0.002" classname="HashTableTest_12r_K10_putD10_K10D10_default"/>
  <testcase name="testGetHash" time="0.0" classname="HashTableTest_12r_K10_putD10_K10D10_default"/>
  <testcase name="testGetHash" time="0.0" classname="HashTableTest_12r_K10_putD10_K10D10_default"/>
  <testcase name="testGetHash" time="0.001" classname="HashTableTest_12r_K10_putD10_K10D10_default"/>
  <testcase name="testGetHash" time="0.0" classname="HashTableTest_12r_K10_putD10_K10D10_default"/>
  <testcase name="testGetHash" time="0.0" classname="HashTableTest_12r_K10_putD10_K10D10_default"/>
  <testcase name="testGetHash" time="0.001" classname="HashTableTest_12r_K10_putD10_K10D10_default"/>
  <testcase name="testGetHash" time="0.0" classname="HashTableTest_12r_K10_putD10_K10D10_default"/>
  <testcase name="testGetHash" time="0.0" classname="HashTableTest_12r_K10_putD10_K10D10_default"/>
  <testcase name="testGetHash" time="0.001" classname="HashTableTest_12r_K10_putD10_K10D10_default"/>
  <testcase name="testGetHash" time="0.0" classname="HashTableTest_12r_K10_putD10_K10D10_default"/>
  <testcase name="testGetHash" time="0.0" classname="HashTableTest_12r_K10_putD10_K10D10_default"/>
  <testcase name="testGetHash" time="0.0" classname="HashTableTest_12r_K10_putD10_K10D10_default"/>
  <testcase name="testGetLoadFactor" time="0.0" classname="HashTableTest_12r_K10_putD10_K10D10_default"/>
  <testcase name="testGetMaxSize" time="0.0" classname="HashTableTest_12r_K10_putD10_K10D10_default"/>
  <testcase name="testGetNumDuplicates" time="0.0" classname="HashTableTest_12r_K10_putD10_K10D10_default"/>
  <testcase name="testGetNumProbes" time="0.0" classname="HashTableTest_12r_K10_putD10_K10D10_default"/>
  <testcase name="testGetType" time="0.0" classname="HashTableTest_12r_K10_putD10_K10D10_default"/>
  <testcase name="testIsEmpty" time="0.001" classname="HashTableTest_12r_K10_putD10_K10D10_default"/>
  <testcase name="testPut" time="0.0" classname="HashTableTest_12r_K10_putD10_K10D10_default"/>
  <testcase name="testRemove_Invalid" time="0.001" classname="HashTableTest_12r_K10_putD10_K10D10_default"/>
  <testcase name="testRemove_Valid" time="0.0" classname="HashTableTest_12r_K10_putD10_K10D10_default"/>
  <testcase name="testRemove_Valid" time="0.002" classname="HashTableTest_12r_K10_putD10_K10D10_default"/>
  <testcase name="testSize" time="0.002" classname="HashTableTest_12r_K10_putD10_K10D10_default"/>
  <testcase name="testClear" time="0.002" classname="HashTableTest_12s_L11_putE11_L11E11_default"/>
  <testcase name="testContains_Invalid" time="0.0" classname="HashTableTest_12s_L11_putE11_L11E11_default"/>
  <testcase name="testContains_Valid" time="0.001" classname="HashTableTest_12s_L11_putE11_L11E11_default"/>
  <testcase name="testContains_Valid" time="0.0" classname="HashTableTest_12s_L11_putE11_L11E11_default"/>
  <testcase name="testGetCapacity" time="0.001" classname="HashTableTest_12s_L11_putE11_L11E11_default"/>
  <testcase name="testGetFrequency_Invalid" time="0.002" classname="HashTableTest_12s_L11_putE11_L11E11_default"/>
  <testcase name="testGetFrequency_Valid" time="0.0" classname="HashTableTest_12s_L11_putE11_L11E11_default"/>
  <testcase name="testGetFrequency_Valid" time="0.0" classname="HashTableTest_12s_L11_putE11_L11E11_default"/>
  <testcase name="testGetHash" time="0.0" classname="HashTableTest_12s_L11_putE11_L11E11_default"/>
  <testcase name="testGetHash" time="0.0" classname="HashTableTest_12s_L11_putE11_L11E11_default"/>
  <testcase name="testGetHash" time="0.0" classname="HashTableTest_12s_L11_putE11_L11E11_default"/>
  <testcase name="testGetHash" time="0.001" classname="HashTableTest_12s_L11_putE11_L11E11_default"/>
  <testcase name="testGetHash" time="0.0" classname="HashTableTest_12s_L11_putE11_L11E11_default"/>
  <testcase name="testGetHash" time="0.001" classname="HashTableTest_12s_L11_putE11_L11E11_default"/>
  <testcase name="testGetHash" time="0.001" classname="HashTableTest_12s_L11_putE11_L11E11_default"/>
  <testcase name="testGetHash" time="0.001" classname="HashTableTest_12s_L11_putE11_L11E11_default"/>
  <testcase name="testGetHash" time="0.0" classname="HashTableTest_12s_L11_putE11_L11E11_default"/>
  <testcase name="testGetHash" time="0.0" classname="HashTableTest_12s_L11_putE11_L11E11_default"/>
  <testcase name="testGetHash" time="0.0" classname="HashTableTest_12s_L11_putE11_L11E11_default"/>
  <testcase name="testGetHash" time="0.001" classname="HashTableTest_12s_L11_putE11_L11E11_default"/>
  <testcase name="testGetHash" time="0.0" classname="HashTableTest_12s_L11_putE11_L11E11_default"/>
  <testcase name="testGetHash" time="0.001" classname="HashTableTest_12s_L11_putE11_L11E11_default"/>
  <testcase name="testGetHash" time="0.001" classname="HashTableTest_12s_L11_putE11_L11E11_default"/>
  <testcase name="testGetHash" time="0.002" classname="HashTableTest_12s_L11_putE11_L11E11_default"/>
  <testcase name="testGetHash" time="0.0" classname="HashTableTest_12s_L11_putE11_L11E11_default"/>
  <testcase name="testGetHash" time="0.0" classname="HashTableTest_12s_L11_putE11_L11E11_default"/>
  <testcase name="testGetHash" time="0.0" classname="HashTableTest_12s_L11_putE11_L11E11_default"/>
  <testcase name="testGetHash" time="0.0" classname="HashTableTest_12s_L11_putE11_L11E11_default"/>
  <testcase name="testGetHash" time="0.0" classname="HashTableTest_12s_L11_putE11_L11E11_default"/>
  <testcase name="testGetHash" time="0.0" classname="HashTableTest_12s_L11_putE11_L11E11_default"/>
  <testcase name="testGetHash" time="0.0" classname="HashTableTest_12s_L11_putE11_L11E11_default"/>
  <testcase name="testGetHash" time="0.0" classname="HashTableTest_12s_L11_putE11_L11E11_default"/>
  <testcase name="testGetHash" time="0.001" classname="HashTableTest_12s_L11_putE11_L11E11_default"/>
  <testcase name="testGetHash" time="0.0" classname="HashTableTest_12s_L11_putE11_L11E11_default"/>
  <testcase name="testGetHash" time="0.001" classname="HashTableTest_12s_L11_putE11_L11E11_default"/>
  <testcase name="testGetHash" time="0.0" classname="HashTableTest_12s_L11_putE11_L11E11_default"/>
  <testcase name="testGetLoadFactor" time="0.0" classname="HashTableTest_12s_L11_putE11_L11E11_default"/>
  <testcase name="testGetMaxSize" time="0.001" classname="HashTableTest_12s_L11_putE11_L11E11_default"/>
  <testcase name="testGetNumDuplicates" time="0.001" classname="HashTableTest_12s_L11_putE11_L11E11_default"/>
  <testcase name="testGetNumProbes" time="0.001" classname="HashTableTest_12s_L11_putE11_L11E11_default"/>
  <testcase name="testGetType" time="0.002" classname="HashTableTest_12s_L11_putE11_L11E11_default"/>
  <testcase name="testIsEmpty" time="0.0" classname="HashTableTest_12s_L11_putE11_L11E11_default"/>
  <testcase name="testPut" time="0.0" classname="HashTableTest_12s_L11_putE11_L11E11_default"/>
  <testcase name="testRemove_Invalid" time="0.001" classname="HashTableTest_12s_L11_putE11_L11E11_default"/>
  <testcase name="testRemove_Valid" time="0.0" classname="HashTableTest_12s_L11_putE11_L11E11_default"/>
  <testcase name="testRemove_Valid" time="0.001" classname="HashTableTest_12s_L11_putE11_L11E11_default"/>
  <testcase name="testSize" time="0.0" classname="HashTableTest_12s_L11_putE11_L11E11_default"/>
  <testcase name="testClear" time="0.0" classname="HashTableTest_12t_M12_putF12_M12F12_default"/>
  <testcase name="testContains_Invalid" time="0.0" classname="HashTableTest_12t_M12_putF12_M12F12_default"/>
  <testcase name="testContains_Valid" time="0.001" classname="HashTableTest_12t_M12_putF12_M12F12_default"/>
  <testcase name="testContains_Valid" time="0.0" classname="HashTableTest_12t_M12_putF12_M12F12_default"/>
  <testcase name="testGetCapacity" time="0.0" classname="HashTableTest_12t_M12_putF12_M12F12_default"/>
  <testcase name="testGetFrequency_Invalid" time="0.0" classname="HashTableTest_12t_M12_putF12_M12F12_default"/>
  <testcase name="testGetFrequency_Valid" time="0.0" classname="HashTableTest_12t_M12_putF12_M12F12_default"/>
  <testcase name="testGetFrequency_Valid" time="0.0" classname="HashTableTest_12t_M12_putF12_M12F12_default"/>
  <testcase name="testGetHash" time="0.0" classname="HashTableTest_12t_M12_putF12_M12F12_default"/>
  <testcase name="testGetHash" time="0.0" classname="HashTableTest_12t_M12_putF12_M12F12_default"/>
  <testcase name="testGetHash" time="0.0" classname="HashTableTest_12t_M12_putF12_M12F12_default"/>
  <testcase name="testGetHash" time="0.001" classname="HashTableTest_12t_M12_putF12_M12F12_default"/>
  <testcase name="testGetHash" time="0.0" classname="HashTableTest_12t_M12_putF12_M12F12_default"/>
  <testcase name="testGetHash" time="0.0" classname="HashTableTest_12t_M12_putF12_M12F12_default"/>
  <testcase name="testGetHash" time="0.0" classname="HashTableTest_12t_M12_putF12_M12F12_default"/>
  <testcase name="testGetHash" time="0.0" classname="HashTableTest_12t_M12_putF12_M12F12_default"/>
  <testcase name="testGetHash" time="0.0" classname="HashTableTest_12t_M12_putF12_M12F12_default"/>
  <testcase name="testGetHash" time="0.0" classname="HashTableTest_12t_M12_putF12_M12F12_default"/>
  <testcase name="testGetHash" time="0.0" classname="HashTableTest_12t_M12_putF12_M12F12_default"/>
  <testcase name="testGetHash" time="0.0" classname="HashTableTest_12t_M12_putF12_M12F12_default"/>
  <testcase name="testGetHash" time="0.001" classname="HashTableTest_12t_M12_putF12_M12F12_default"/>
  <testcase name="testGetHash" time="0.0" classname="HashTableTest_12t_M12_putF12_M12F12_default"/>
  <testcase name="testGetHash" time="0.0" classname="HashTableTest_12t_M12_putF12_M12F12_default"/>
  <testcase name="testGetHash" time="0.001" classname="HashTableTest_12t_M12_putF12_M12F12_default"/>
  <testcase name="testGetHash" time="0.0" classname="HashTableTest_12t_M12_putF12_M12F12_default"/>
  <testcase name="testGetHash" time="0.001" classname="HashTableTest_12t_M12_putF12_M12F12_default"/>
  <testcase name="testGetHash" time="0.002" classname="HashTableTest_12t_M12_putF12_M12F12_default"/>
  <testcase name="testGetHash" time="0.0" classname="HashTableTest_12t_M12_putF12_M12F12_default"/>
  <testcase name="testGetHash" time="0.0" classname="HashTableTest_12t_M12_putF12_M12F12_default"/>
  <testcase name="testGetHash" time="0.001" classname="HashTableTest_12t_M12_putF12_M12F12_default"/>
  <testcase name="testGetHash" time="0.002" classname="HashTableTest_12t_M12_putF12_M12F12_default"/>
  <testcase name="testGetHash" time="0.0" classname="HashTableTest_12t_M12_putF12_M12F12_default"/>
  <testcase name="testGetHash" time="0.001" classname="HashTableTest_12t_M12_putF12_M12F12_default"/>
  <testcase name="testGetHash" time="0.0" classname="HashTableTest_12t_M12_putF12_M12F12_default"/>
  <testcase name="testGetHash" time="0.001" classname="HashTableTest_12t_M12_putF12_M12F12_default"/>
  <testcase name="testGetHash" time="0.0" classname="HashTableTest_12t_M12_putF12_M12F12_default"/>
  <testcase name="testGetLoadFactor" time="0.0" classname="HashTableTest_12t_M12_putF12_M12F12_default"/>
  <testcase name="testGetMaxSize" time="0.0" classname="HashTableTest_12t_M12_putF12_M12F12_default"/>
  <testcase name="testGetNumDuplicates" time="0.0" classname="HashTableTest_12t_M12_putF12_M12F12_default"/>
  <testcase name="testGetNumProbes" time="0.0" classname="HashTableTest_12t_M12_putF12_M12F12_default"/>
  <testcase name="testGetType" time="0.0" classname="HashTableTest_12t_M12_putF12_M12F12_default"/>
  <testcase name="testIsEmpty" time="0.0" classname="HashTableTest_12t_M12_putF12_M12F12_default"/>
  <testcase name="testPut" time="0.0" classname="HashTableTest_12t_M12_putF12_M12F12_default"/>
  <testcase name="testRemove_Invalid" time="0.0" classname="HashTableTest_12t_M12_putF12_M12F12_default"/>
  <testcase name="testRemove_Valid" time="0.001" classname="HashTableTest_12t_M12_putF12_M12F12_default"/>
  <testcase name="testRemove_Valid" time="0.0" classname="HashTableTest_12t_M12_putF12_M12F12_default"/>
  <testcase name="testSize" time="0.001" classname="HashTableTest_12t_M12_putF12_M12F12_default"/>
  <testcase name="testClear" time="0.0" classname="HashTableTest_12u_N13_putFG13_N13G13_default"/>
  <testcase name="testContains_Invalid" time="0.0" classname="HashTableTest_12u_N13_putFG13_N13G13_default"/>
  <testcase name="testContains_Valid" time="0.0" classname="HashTableTest_12u_N13_putFG13_N13G13_default"/>
  <testcase name="testContains_Valid" time="0.0" classname="HashTableTest_12u_N13_putFG13_N13G13_default"/>
  <testcase name="testGetCapacity" time="0.0" classname="HashTableTest_12u_N13_putFG13_N13G13_default"/>
  <testcase name="testGetFrequency_Invalid" time="0.0" classname="HashTableTest_12u_N13_putFG13_N13G13_default"/>
  <testcase name="testGetFrequency_Valid" time="0.001" classname="HashTableTest_12u_N13_putFG13_N13G13_default"/>
  <testcase name="testGetFrequency_Valid" time="0.0" classname="HashTableTest_12u_N13_putFG13_N13G13_default"/>
  <testcase name="testGetHash" time="0.001" classname="HashTableTest_12u_N13_putFG13_N13G13_default"/>
  <testcase name="testGetHash" time="0.0" classname="HashTableTest_12u_N13_putFG13_N13G13_default"/>
  <testcase name="testGetHash" time="0.001" classname="HashTableTest_12u_N13_putFG13_N13G13_default"/>
  <testcase name="testGetHash" time="0.0" classname="HashTableTest_12u_N13_putFG13_N13G13_default"/>
  <testcase name="testGetHash" time="0.0" classname="HashTableTest_12u_N13_putFG13_N13G13_default"/>
  <testcase name="testGetHash" time="0.0" classname="HashTableTest_12u_N13_putFG13_N13G13_default"/>
  <testcase name="testGetHash" time="0.0" classname="HashTableTest_12u_N13_putFG13_N13G13_default"/>
  <testcase name="testGetHash" time="0.0" classname="HashTableTest_12u_N13_putFG13_N13G13_default"/>
  <testcase name="testGetHash" time="0.001" classname="HashTableTest_12u_N13_putFG13_N13G13_default"/>
  <testcase name="testGetHash" time="0.001" classname="HashTableTest_12u_N13_putFG13_N13G13_default"/>
  <testcase name="testGetHash" time="0.0" classname="HashTableTest_12u_N13_putFG13_N13G13_default"/>
  <testcase name="testGetHash" time="0.0" classname="HashTableTest_12u_N13_putFG13_N13G13_default"/>
  <testcase name="testGetHash" time="0.001" classname="HashTableTest_12u_N13_putFG13_N13G13_default"/>
  <testcase name="testGetHash" time="0.0" classname="HashTableTest_12u_N13_putFG13_N13G13_default"/>
  <testcase name="testGetHash" time="0.0" classname="HashTableTest_12u_N13_putFG13_N13G13_default"/>
  <testcase name="testGetHash" time="0.001" classname="HashTableTest_12u_N13_putFG13_N13G13_default"/>
  <testcase name="testGetHash" time="0.0" classname="HashTableTest_12u_N13_putFG13_N13G13_default"/>
  <testcase name="testGetHash" time="0.001" classname="HashTableTest_12u_N13_putFG13_N13G13_default"/>
  <testcase name="testGetHash" time="0.0" classname="HashTableTest_12u_N13_putFG13_N13G13_default"/>
  <testcase name="testGetHash" time="0.001" classname="HashTableTest_12u_N13_putFG13_N13G13_default"/>
  <testcase name="testGetHash" time="0.0" classname="HashTableTest_12u_N13_putFG13_N13G13_default"/>
  <testcase name="testGetHash" time="0.0" classname="HashTableTest_12u_N13_putFG13_N13G13_default"/>
  <testcase name="testGetHash" time="0.0" classname="HashTableTest_12u_N13_putFG13_N13G13_default"/>
  <testcase name="testGetHash" time="0.0" classname="HashTableTest_12u_N13_putFG13_N13G13_default"/>
  <testcase name="testGetHash" time="0.0" classname="HashTableTest_12u_N13_putFG13_N13G13_default"/>
  <testcase name="testGetHash" time="0.0" classname="HashTableTest_12u_N13_putFG13_N13G13_default"/>
  <testcase name="testGetHash" time="0.001" classname="HashTableTest_12u_N13_putFG13_N13G13_default"/>
  <testcase name="testGetHash" time="0.0" classname="HashTableTest_12u_N13_putFG13_N13G13_default"/>
  <testcase name="testGetLoadFactor" time="0.0" classname="HashTableTest_12u_N13_putFG13_N13G13_default"/>
  <testcase name="testGetMaxSize" time="0.0" classname="HashTableTest_12u_N13_putFG13_N13G13_default"/>
  <testcase name="testGetNumDuplicates" time="0.001" classname="HashTableTest_12u_N13_putFG13_N13G13_default"/>
  <testcase name="testGetNumProbes" time="0.0" classname="HashTableTest_12u_N13_putFG13_N13G13_default"/>
  <testcase name="testGetType" time="0.0" classname="HashTableTest_12u_N13_putFG13_N13G13_default"/>
  <testcase name="testIsEmpty" time="0.0" classname="HashTableTest_12u_N13_putFG13_N13G13_default"/>
  <testcase name="testPut" time="0.0" classname="HashTableTest_12u_N13_putFG13_N13G13_default"/>
  <testcase name="testRemove_Invalid" time="0.0" classname="HashTableTest_12u_N13_putFG13_N13G13_default"/>
  <testcase name="testRemove_Valid" time="0.0" classname="HashTableTest_12u_N13_putFG13_N13G13_default"/>
  <testcase name="testRemove_Valid" time="0.0" classname="HashTableTest_12u_N13_putFG13_N13G13_default"/>
  <testcase name="testSize" time="0.001" classname="HashTableTest_12u_N13_putFG13_N13G13_default"/>
</testsuite>
